[04:25:19][BG] Initializing: ['BG_5K_INSTANT', 'BG_100K_CHALLENGE']
[04:25:21][BG] [BG_5K_INSTANT] Connected - Balance: $4,997.71
[04:25:21][BG] [BG_5K_INSTANT][BTCUSD] Regime: VOLATILE (0.880)
[04:25:21][BG] [BG_5K_INSTANT][ETHUSD] Regime: VOLATILE (0.880)
[04:26:22][BG] [BG_100K_CHALLENGE] Connected - Balance: $100,074.35
[04:26:22][BG] [BG_100K_CHALLENGE][BTCUSD] Regime: VOLATILE (0.880)
[04:26:22][BG] [BG_100K_CHALLENGE][ETHUSD] Regime: VOLATILE (0.880)
[04:27:23][BG] [BG_5K_INSTANT] Connected - Balance: $4,997.71
[04:27:23][BG] [BG_5K_INSTANT][BTCUSD] Regime: VOLATILE (0.880)
[04:27:23][BG] [BG_5K_INSTANT][ETHUSD] Regime: VOLATILE (0.880)
[04:28:24][BG] [BG_100K_CHALLENGE] Connected - Balance: $100,074.35
[04:28:24][BG] [BG_100K_CHALLENGE][BTCUSD] Regime: VOLATILE (0.880)
[04:28:24][BG] [BG_100K_CHALLENGE][ETHUSD] Regime: VOLATILE (0.880)
[04:29:25][BG] [BG_5K_INSTANT] Connected - Balance: $4,997.71
[04:29:25][BG] [BG_5K_INSTANT][BTCUSD] Regime: VOLATILE (0.880)
[04:29:25][BG] [BG_5K_INSTANT][ETHUSD] Regime: VOLATILE (0.880)
[04:30:27][BG] [BG_100K_CHALLENGE] Connected - Balance: $100,074.35
[04:30:27][BG] [BG_100K_CHALLENGE][BTCUSD] Regime: VOLATILE (0.880)
[04:30:27][BG] [BG_100K_CHALLENGE][ETHUSD] Regime: VOLATILE (0.880)
[04:31:28][BG] [BG_5K_INSTANT] Connected - Balance: $4,997.71
[04:31:28][BG] [BG_5K_INSTANT][BTCUSD] Regime: VOLATILE (0.880)
[04:31:28][BG] [BG_5K_INSTANT][ETHUSD] Regime: VOLATILE (0.880)
[04:32:29][BG] [BG_100K_CHALLENGE] Connected - Balance: $100,074.35
[04:32:29][BG] [BG_100K_CHALLENGE][BTCUSD] Regime: VOLATILE (0.880)
[04:32:29][BG] [BG_100K_CHALLENGE][ETHUSD] Regime: VOLATILE (0.880)
[04:33:30][BG] [BG_5K_INSTANT] Connected - Balance: $4,997.71
[04:33:30][BG] [BG_5K_INSTANT][BTCUSD] Regime: VOLATILE (0.880)
[04:33:30][BG] [BG_5K_INSTANT][ETHUSD] Regime: VOLATILE (0.880)
[04:34:31][BG] [BG_100K_CHALLENGE] Connected - Balance: $100,074.35
[04:34:31][BG] [BG_100K_CHALLENGE][BTCUSD] Regime: VOLATILE (0.880)
[04:34:31][BG] [BG_100K_CHALLENGE][ETHUSD] Regime: VOLATILE (0.880)
[04:35:32][BG] [BG_5K_INSTANT] Connected - Balance: $4,997.71
[04:35:32][BG] [BG_5K_INSTANT][BTCUSD] Regime: VOLATILE (0.880)
[04:35:32][BG] [BG_5K_INSTANT][ETHUSD] Regime: VOLATILE (0.880)
[04:36:34][BG] [BG_100K_CHALLENGE] Connected - Balance: $100,074.35
[04:36:34][BG] [BG_100K_CHALLENGE][BTCUSD] Regime: VOLATILE (0.880)
[04:36:34][BG] [BG_100K_CHALLENGE][ETHUSD] Regime: VOLATILE (0.880)
[04:37:35][BG] [BG_5K_INSTANT] Connected - Balance: $4,997.71
[04:37:35][BG] [BG_5K_INSTANT][BTCUSD] Regime: VOLATILE (0.880)
[04:37:35][BG] [BG_5K_INSTANT][ETHUSD] Regime: VOLATILE (0.880)
[04:38:36][BG] [BG_100K_CHALLENGE] Connected - Balance: $100,074.35
[04:38:36][BG] [BG_100K_CHALLENGE][BTCUSD] Regime: VOLATILE (0.880)
[04:38:36][BG] [BG_100K_CHALLENGE][ETHUSD] Regime: VOLATILE (0.880)
[04:39:38][BG] [BG_5K_INSTANT] Connected - Balance: $4,997.71
[04:39:38][BG] [BG_5K_INSTANT][BTCUSD] Regime: VOLATILE (0.880)
[04:39:38][BG] [BG_5K_INSTANT][ETHUSD] Regime: VOLATILE (0.880)
[04:40:39][BG] [BG_100K_CHALLENGE] Connected - Balance: $100,074.35
[04:40:39][BG] [BG_100K_CHALLENGE][BTCUSD] Regime: VOLATILE (0.880)
[04:40:39][BG] [BG_100K_CHALLENGE][ETHUSD] Regime: VOLATILE (0.880)
[04:41:40][BG] [BG_5K_INSTANT] Connected - Balance: $4,997.71
[04:41:40][BG] [BG_5K_INSTANT][BTCUSD] Regime: VOLATILE (0.880)
[04:41:40][BG] [BG_5K_INSTANT][ETHUSD] Regime: VOLATILE (0.880)
[04:42:41][BG] [BG_100K_CHALLENGE] Connected - Balance: $100,074.35
[04:42:41][BG] [BG_100K_CHALLENGE][BTCUSD] Regime: VOLATILE (0.880)
[04:42:41][BG] [BG_100K_CHALLENGE][ETHUSD] Regime: VOLATILE (0.880)
[04:43:43][BG] [BG_5K_INSTANT] Connected - Balance: $4,997.71
[04:43:43][BG] [BG_5K_INSTANT][BTCUSD] Regime: VOLATILE (0.880)
[04:43:43][BG] [BG_5K_INSTANT][ETHUSD] Regime: VOLATILE (0.880)
[04:44:44][BG] [BG_100K_CHALLENGE] Connected - Balance: $100,074.35
[04:44:44][BG] [BG_100K_CHALLENGE][BTCUSD] Regime: VOLATILE (0.880)
[04:44:44][BG] [BG_100K_CHALLENGE][ETHUSD] Regime: VOLATILE (0.880)
[04:45:45][BG] [BG_5K_INSTANT] Connected - Balance: $4,997.71
[04:45:45][BG] [BG_5K_INSTANT][BTCUSD] Regime: VOLATILE (0.880)
[04:45:45][BG] [BG_5K_INSTANT][ETHUSD] Regime: VOLATILE (0.880)
[04:46:47][BG] [BG_100K_CHALLENGE] Connected - Balance: $100,074.35
[04:46:47][BG] [BG_100K_CHALLENGE][BTCUSD] Regime: VOLATILE (0.880)
[04:46:47][BG] [BG_100K_CHALLENGE][ETHUSD] Regime: VOLATILE (0.880)
[04:47:48][BG] [BG_5K_INSTANT] Connected - Balance: $4,997.71
[04:47:48][BG] [BG_5K_INSTANT][BTCUSD] Regime: VOLATILE (0.880)
[04:47:48][BG] [BG_5K_INSTANT][ETHUSD] Regime: VOLATILE (0.880)
[04:48:50][BG] [BG_100K_CHALLENGE] Connected - Balance: $100,074.35
[04:48:50][BG] [BG_100K_CHALLENGE][BTCUSD] Regime: VOLATILE (0.880)
[04:48:50][BG] [BG_100K_CHALLENGE][ETHUSD] Regime: VOLATILE (0.880)
[04:49:51][BG] [BG_5K_INSTANT] Connected - Balance: $4,997.71
[04:49:51][BG] [BG_5K_INSTANT][BTCUSD] Regime: VOLATILE (0.880)
[04:49:51][BG] [BG_5K_INSTANT][ETHUSD] Regime: VOLATILE (0.880)
[04:50:53][BG] [BG_100K_CHALLENGE] Connected - Balance: $100,074.35
[04:50:53][BG] [BG_100K_CHALLENGE][BTCUSD] Regime: VOLATILE (0.880)
[04:50:53][BG] [BG_100K_CHALLENGE][ETHUSD] Regime: VOLATILE (0.880)
[04:51:54][BG] [BG_5K_INSTANT] Connected - Balance: $4,997.71
[04:51:54][BG] [BG_5K_INSTANT][BTCUSD] Regime: VOLATILE (0.880)
[04:51:54][BG] [BG_5K_INSTANT][ETHUSD] Regime: VOLATILE (0.880)
[04:52:56][BG] [BG_100K_CHALLENGE] Connected - Balance: $100,074.35
[04:52:56][BG] [BG_100K_CHALLENGE][BTCUSD] Regime: VOLATILE (0.880)
[04:52:56][BG] [BG_100K_CHALLENGE][ETHUSD] Regime: VOLATILE (0.880)
[04:53:57][BG] [BG_5K_INSTANT] Connected - Balance: $4,997.71
[04:53:57][BG] [BG_5K_INSTANT][BTCUSD] Regime: VOLATILE (0.880)
[04:53:57][BG] [BG_5K_INSTANT][ETHUSD] Regime: VOLATILE (0.880)
[04:54:58][BG] [BG_100K_CHALLENGE] Connected - Balance: $100,074.35
[04:54:58][BG] [BG_100K_CHALLENGE][BTCUSD] Regime: VOLATILE (0.880)
[04:54:58][BG] [BG_100K_CHALLENGE][ETHUSD] Regime: VOLATILE (0.880)
[04:55:59][BG] [BG_5K_INSTANT] Connected - Balance: $4,997.71
[04:55:59][BG] [BG_5K_INSTANT][BTCUSD] Regime: VOLATILE (0.880)
[04:55:59][BG] [BG_5K_INSTANT][ETHUSD] Regime: VOLATILE (0.880)
[04:57:00][BG] [BG_100K_CHALLENGE] Connected - Balance: $100,074.35
[04:57:00][BG] [BG_100K_CHALLENGE][BTCUSD] Regime: VOLATILE (0.880)
[04:57:00][BG] [BG_100K_CHALLENGE][ETHUSD] Regime: VOLATILE (0.880)
[04:58:02][BG] [BG_5K_INSTANT] Connected - Balance: $4,997.71
[04:58:02][BG] [BG_5K_INSTANT][BTCUSD] Regime: VOLATILE (0.880)
[04:58:02][BG] [BG_5K_INSTANT][ETHUSD] Regime: VOLATILE (0.880)
[04:59:03][BG] [BG_100K_CHALLENGE] Connected - Balance: $100,074.35
[04:59:03][BG] [BG_100K_CHALLENGE][BTCUSD] Regime: VOLATILE (0.880)
[04:59:03][BG] [BG_100K_CHALLENGE][ETHUSD] Regime: VOLATILE (0.880)
[05:00:04][BG] [BG_5K_INSTANT] Connected - Balance: $4,997.71
[05:00:04][BG] [BG_5K_INSTANT][BTCUSD] Regime: VOLATILE (0.880)
[05:00:04][BG] [BG_5K_INSTANT][ETHUSD] Regime: VOLATILE (0.880)
[05:01:05][BG] [BG_100K_CHALLENGE] Connected - Balance: $100,074.35
[05:01:05][BG] [BG_100K_CHALLENGE][BTCUSD] Regime: VOLATILE (0.880)
[05:01:05][BG] [BG_100K_CHALLENGE][ETHUSD] Regime: VOLATILE (0.880)
[05:02:06][BG] [BG_5K_INSTANT] Connected - Balance: $4,997.71
[05:02:06][BG] [BG_5K_INSTANT][BTCUSD] Regime: VOLATILE (0.880)
[05:02:06][BG] [BG_5K_INSTANT][ETHUSD] Regime: VOLATILE (0.880)
[05:03:08][BG] [BG_100K_CHALLENGE] Connected - Balance: $100,074.35
[05:03:08][BG] [BG_100K_CHALLENGE][BTCUSD] Regime: VOLATILE (0.880)
[05:03:08][BG] [BG_100K_CHALLENGE][ETHUSD] Regime: VOLATILE (0.880)
[05:04:09][BG] [BG_5K_INSTANT] Connected - Balance: $4,997.71
[05:04:09][BG] [BG_5K_INSTANT][BTCUSD] Regime: VOLATILE (0.880)
[05:04:09][BG] [BG_5K_INSTANT][ETHUSD] Regime: VOLATILE (0.880)
[05:05:10][BG] [BG_100K_CHALLENGE] Connected - Balance: $100,074.35
[05:05:10][BG] [BG_100K_CHALLENGE][BTCUSD] Regime: VOLATILE (0.880)
[05:05:10][BG] [BG_100K_CHALLENGE][ETHUSD] Regime: VOLATILE (0.880)
[05:06:11][BG] [BG_5K_INSTANT] Connected - Balance: $4,997.71
[05:06:11][BG] [BG_5K_INSTANT][BTCUSD] Regime: VOLATILE (0.880)
[05:06:11][BG] [BG_5K_INSTANT][ETHUSD] Regime: VOLATILE (0.880)
[05:07:12][BG] [BG_100K_CHALLENGE] Connected - Balance: $100,074.35
[05:07:12][BG] [BG_100K_CHALLENGE][BTCUSD] Regime: VOLATILE (0.880)
[05:07:12][BG] [BG_100K_CHALLENGE][ETHUSD] Regime: VOLATILE (0.880)
[05:08:14][BG] [BG_5K_INSTANT] Connected - Balance: $4,997.71
[05:08:14][BG] [BG_5K_INSTANT][BTCUSD] Regime: VOLATILE (0.880)
[05:08:14][BG] [BG_5K_INSTANT][ETHUSD] Regime: VOLATILE (0.880)
[05:09:15][BG] [BG_100K_CHALLENGE] Connected - Balance: $100,074.35
[05:09:15][BG] [BG_100K_CHALLENGE][BTCUSD] Regime: VOLATILE (0.880)
[05:09:15][BG] [BG_100K_CHALLENGE][ETHUSD] Regime: VOLATILE (0.880)
[05:10:16][BG] [BG_5K_INSTANT] Connected - Balance: $4,997.71
[05:10:16][BG] [BG_5K_INSTANT][BTCUSD] Regime: VOLATILE (0.880)
[05:10:16][BG] [BG_5K_INSTANT][ETHUSD] Regime: VOLATILE (0.880)
[05:11:17][BG] [BG_100K_CHALLENGE] Connected - Balance: $100,074.35
[05:11:17][BG] [BG_100K_CHALLENGE][BTCUSD] Regime: VOLATILE (0.880)
[05:11:17][BG] [BG_100K_CHALLENGE][ETHUSD] Regime: VOLATILE (0.880)
[05:12:19][BG] [BG_5K_INSTANT] Connected - Balance: $4,997.71
[05:12:19][BG] [BG_5K_INSTANT][BTCUSD] Regime: VOLATILE (0.880)
[05:12:19][BG] [BG_5K_INSTANT][ETHUSD] Regime: VOLATILE (0.880)
[05:13:20][BG] [BG_100K_CHALLENGE] Connected - Balance: $100,074.35
[05:13:20][BG] [BG_100K_CHALLENGE][BTCUSD] Regime: VOLATILE (0.880)
[05:13:20][BG] [BG_100K_CHALLENGE][ETHUSD] Regime: VOLATILE (0.880)
[05:14:21][BG] [BG_5K_INSTANT] Connected - Balance: $4,997.71
[05:14:21][BG] [BG_5K_INSTANT][BTCUSD] Regime: VOLATILE (0.880)
[05:14:21][BG] [BG_5K_INSTANT][ETHUSD] Regime: VOLATILE (0.880)
[05:15:22][BG] [BG_100K_CHALLENGE] Connected - Balance: $100,074.35
[05:15:22][BG] [BG_100K_CHALLENGE][BTCUSD] Regime: VOLATILE (0.880)
[05:15:22][BG] [BG_100K_CHALLENGE][ETHUSD] Regime: VOLATILE (0.880)
[05:16:23][BG] [BG_5K_INSTANT] Connected - Balance: $4,997.71
[05:16:23][BG] [BG_5K_INSTANT][BTCUSD] Regime: VOLATILE (0.880)
[05:16:23][BG] [BG_5K_INSTANT][ETHUSD] Regime: VOLATILE (0.880)
[05:17:24][BG] [BG_100K_CHALLENGE] Connected - Balance: $100,074.35
[05:17:24][BG] [BG_100K_CHALLENGE][BTCUSD] Regime: VOLATILE (0.880)
[05:17:24][BG] [BG_100K_CHALLENGE][ETHUSD] Regime: VOLATILE (0.880)
[05:18:26][BG] [BG_5K_INSTANT] Connected - Balance: $4,997.71
[05:18:26][BG] [BG_5K_INSTANT][BTCUSD] Regime: VOLATILE (0.880)
[05:18:26][BG] [BG_5K_INSTANT][ETHUSD] Regime: VOLATILE (0.880)
[05:19:27][BG] [BG_100K_CHALLENGE] Connected - Balance: $100,074.35
[05:19:27][BG] [BG_100K_CHALLENGE][BTCUSD] Regime: VOLATILE (0.880)
[05:19:27][BG] [BG_100K_CHALLENGE][ETHUSD] Regime: VOLATILE (0.880)
[05:20:28][BG] [BG_5K_INSTANT] Connected - Balance: $4,997.71
[05:20:28][BG] [BG_5K_INSTANT][BTCUSD] Regime: VOLATILE (0.880)
[05:20:28][BG] [BG_5K_INSTANT][ETHUSD] Regime: VOLATILE (0.880)
[05:21:29][BG] [BG_100K_CHALLENGE] Connected - Balance: $100,074.35
[05:21:29][BG] [BG_100K_CHALLENGE][BTCUSD] Regime: VOLATILE (0.880)
[05:21:29][BG] [BG_100K_CHALLENGE][ETHUSD] Regime: VOLATILE (0.880)
[05:22:31][BG] [BG_5K_INSTANT] Connected - Balance: $4,997.71
[05:22:31][BG] [BG_5K_INSTANT][BTCUSD] Regime: VOLATILE (0.880)
[05:22:31][BG] [BG_5K_INSTANT][ETHUSD] Regime: VOLATILE (0.880)
[05:23:32][BG] [BG_100K_CHALLENGE] Connected - Balance: $100,074.35
[05:23:32][BG] [BG_100K_CHALLENGE][BTCUSD] Regime: VOLATILE (0.880)
[05:23:32][BG] [BG_100K_CHALLENGE][ETHUSD] Regime: VOLATILE (0.880)
[05:24:33][BG] [BG_5K_INSTANT] Connected - Balance: $4,997.71
[05:24:33][BG] [BG_5K_INSTANT][BTCUSD] Regime: VOLATILE (0.880)
[05:24:33][BG] [BG_5K_INSTANT][ETHUSD] Regime: VOLATILE (0.880)
[05:25:35][BG] [BG_100K_CHALLENGE] Connected - Balance: $100,074.35
[05:25:35][BG] [BG_100K_CHALLENGE][BTCUSD] Regime: VOLATILE (0.880)
[05:25:35][BG] [BG_100K_CHALLENGE][ETHUSD] Regime: VOLATILE (0.880)
[05:26:36][BG] [BG_5K_INSTANT] Connected - Balance: $4,997.71
[05:26:36][BG] [BG_5K_INSTANT][BTCUSD] Regime: VOLATILE (0.880)
[05:26:36][BG] [BG_5K_INSTANT][ETHUSD] Regime: VOLATILE (0.880)
[05:27:38][BG] [BG_100K_CHALLENGE] Connected - Balance: $100,074.35
[05:27:38][BG] [BG_100K_CHALLENGE][BTCUSD] Regime: VOLATILE (0.880)
[05:27:38][BG] [BG_100K_CHALLENGE][ETHUSD] Regime: VOLATILE (0.880)
[05:28:39][BG] [BG_5K_INSTANT] Connected - Balance: $4,997.71
[05:28:39][BG] [BG_5K_INSTANT][BTCUSD] Regime: VOLATILE (0.880)
[05:28:39][BG] [BG_5K_INSTANT][ETHUSD] Regime: VOLATILE (0.880)
[05:29:40][BG] [BG_100K_CHALLENGE] Connected - Balance: $100,074.35
[05:29:40][BG] [BG_100K_CHALLENGE][BTCUSD] Regime: VOLATILE (0.880)
[05:29:40][BG] [BG_100K_CHALLENGE][ETHUSD] Regime: VOLATILE (0.880)
[05:30:41][BG] [BG_5K_INSTANT] Connected - Balance: $4,997.71
[05:30:41][BG] [BG_5K_INSTANT][BTCUSD] Regime: VOLATILE (0.880)
[05:30:41][BG] [BG_5K_INSTANT][ETHUSD] Regime: VOLATILE (0.880)
[05:31:42][BG] [BG_100K_CHALLENGE] Connected - Balance: $100,074.35
[05:31:42][BG] [BG_100K_CHALLENGE][BTCUSD] Regime: VOLATILE (0.880)
[05:31:42][BG] [BG_100K_CHALLENGE][ETHUSD] Regime: VOLATILE (0.880)
[05:32:43][BG] [BG_5K_INSTANT] Connected - Balance: $4,997.71
[05:32:43][BG] [BG_5K_INSTANT][BTCUSD] Regime: VOLATILE (0.880)
[05:32:43][BG] [BG_5K_INSTANT][ETHUSD] Regime: VOLATILE (0.880)
[05:33:45][BG] [BG_100K_CHALLENGE] Connected - Balance: $100,074.35
[05:33:45][BG] [BG_100K_CHALLENGE][BTCUSD] Regime: VOLATILE (0.880)
[05:33:45][BG] [BG_100K_CHALLENGE][ETHUSD] Regime: VOLATILE (0.880)
[05:34:46][BG] [BG_5K_INSTANT] Connected - Balance: $4,997.71
[05:34:46][BG] [BG_5K_INSTANT][BTCUSD] Regime: VOLATILE (0.880)
[05:34:46][BG] [BG_5K_INSTANT][ETHUSD] Regime: VOLATILE (0.880)
[05:35:47][BG] [BG_100K_CHALLENGE] Connected - Balance: $100,074.35
[05:35:47][BG] [BG_100K_CHALLENGE][BTCUSD] Regime: VOLATILE (0.880)
[05:35:47][BG] [BG_100K_CHALLENGE][ETHUSD] Regime: VOLATILE (0.880)
[05:36:48][BG] [BG_5K_INSTANT] Connected - Balance: $4,997.71
[05:36:48][BG] [BG_5K_INSTANT][BTCUSD] Regime: VOLATILE (0.880)
[05:36:48][BG] [BG_5K_INSTANT][ETHUSD] Regime: VOLATILE (0.880)
[05:37:50][BG] [BG_100K_CHALLENGE] Connected - Balance: $100,074.35
[05:37:50][BG] [BG_100K_CHALLENGE][BTCUSD] Regime: VOLATILE (0.880)
[05:37:50][BG] [BG_100K_CHALLENGE][ETHUSD] Regime: VOLATILE (0.880)
[05:38:51][BG] [BG_5K_INSTANT] Connected - Balance: $4,997.71
[05:38:51][BG] [BG_5K_INSTANT][BTCUSD] Regime: VOLATILE (0.880)
[05:38:51][BG] [BG_5K_INSTANT][ETHUSD] Regime: VOLATILE (0.880)
[05:39:52][BG] [BG_100K_CHALLENGE] Connected - Balance: $100,074.35
[05:39:52][BG] [BG_100K_CHALLENGE][BTCUSD] Regime: VOLATILE (0.880)
[05:39:52][BG] [BG_100K_CHALLENGE][ETHUSD] Regime: VOLATILE (0.880)
[05:40:54][BG] [BG_5K_INSTANT] Connected - Balance: $4,997.71
[05:40:54][BG] [BG_5K_INSTANT][BTCUSD] Regime: VOLATILE (0.880)
[05:40:54][BG] [BG_5K_INSTANT][ETHUSD] Regime: VOLATILE (0.880)
[05:41:55][BG] [BG_100K_CHALLENGE] Connected - Balance: $100,074.35
[05:41:55][BG] [BG_100K_CHALLENGE][BTCUSD] Regime: VOLATILE (0.880)
[05:41:55][BG] [BG_100K_CHALLENGE][ETHUSD] Regime: VOLATILE (0.880)
[05:42:56][BG] [BG_5K_INSTANT] Connected - Balance: $4,997.71
[05:42:56][BG] [BG_5K_INSTANT][BTCUSD] Regime: VOLATILE (0.880)
[05:42:56][BG] [BG_5K_INSTANT][ETHUSD] Regime: VOLATILE (0.880)
[05:43:57][BG] [BG_100K_CHALLENGE] Connected - Balance: $100,074.35
[05:43:57][BG] [BG_100K_CHALLENGE][BTCUSD] Regime: VOLATILE (0.880)
[05:43:57][BG] [BG_100K_CHALLENGE][ETHUSD] Regime: VOLATILE (0.880)
[05:44:59][BG] [BG_5K_INSTANT] Connected - Balance: $4,997.71
[05:44:59][BG] [BG_5K_INSTANT][BTCUSD] Regime: VOLATILE (0.880)
[05:44:59][BG] [BG_5K_INSTANT][ETHUSD] Regime: VOLATILE (0.880)
[05:46:00][BG] [BG_100K_CHALLENGE] Connected - Balance: $100,074.35
[05:46:00][BG] [BG_100K_CHALLENGE][BTCUSD] Regime: VOLATILE (0.880)
[05:46:00][BG] [BG_100K_CHALLENGE][ETHUSD] Regime: VOLATILE (0.880)
[05:47:01][BG] [BG_5K_INSTANT] Connected - Balance: $4,997.71
[05:47:01][BG] [BG_5K_INSTANT][BTCUSD] Regime: VOLATILE (0.880)
[05:47:01][BG] [BG_5K_INSTANT][ETHUSD] Regime: VOLATILE (0.880)
[05:48:02][BG] [BG_100K_CHALLENGE] Connected - Balance: $100,074.35
[05:48:02][BG] [BG_100K_CHALLENGE][BTCUSD] Regime: VOLATILE (0.880)
[05:48:02][BG] [BG_100K_CHALLENGE][ETHUSD] Regime: VOLATILE (0.880)
[05:49:04][BG] [BG_5K_INSTANT] Connected - Balance: $4,997.71
[05:49:04][BG] [BG_5K_INSTANT][BTCUSD] Regime: VOLATILE (0.880)
[05:49:04][BG] [BG_5K_INSTANT][ETHUSD] Regime: VOLATILE (0.880)
[05:50:05][BG] [BG_100K_CHALLENGE] Connected - Balance: $100,074.35
[05:50:05][BG] [BG_100K_CHALLENGE][BTCUSD] Regime: VOLATILE (0.880)
[05:50:05][BG] [BG_100K_CHALLENGE][ETHUSD] Regime: VOLATILE (0.880)
[05:51:06][BG] [BG_5K_INSTANT] Connected - Balance: $4,997.71
[05:51:06][BG] [BG_5K_INSTANT][BTCUSD] Regime: VOLATILE (0.880)
[05:51:06][BG] [BG_5K_INSTANT][ETHUSD] Regime: VOLATILE (0.880)
[05:52:08][BG] [BG_100K_CHALLENGE] Connected - Balance: $100,074.35
[05:52:08][BG] [BG_100K_CHALLENGE][BTCUSD] Regime: VOLATILE (0.880)
[05:52:08][BG] [BG_100K_CHALLENGE][ETHUSD] Regime: VOLATILE (0.880)
[05:53:09][BG] [BG_5K_INSTANT] Connected - Balance: $4,997.71
[05:53:09][BG] [BG_5K_INSTANT][BTCUSD] Regime: VOLATILE (0.880)
[05:53:09][BG] [BG_5K_INSTANT][ETHUSD] Regime: VOLATILE (0.880)
[05:54:10][BG] [BG_100K_CHALLENGE] Connected - Balance: $100,074.35
[05:54:10][BG] [BG_100K_CHALLENGE][BTCUSD] Regime: VOLATILE (0.880)
[05:54:10][BG] [BG_100K_CHALLENGE][ETHUSD] Regime: VOLATILE (0.880)
[05:55:11][BG] [BG_5K_INSTANT] Connected - Balance: $4,997.71
[05:55:11][BG] [BG_5K_INSTANT][BTCUSD] Regime: VOLATILE (0.880)
[05:55:11][BG] [BG_5K_INSTANT][ETHUSD] Regime: VOLATILE (0.880)
[05:56:13][BG] [BG_100K_CHALLENGE] Connected - Balance: $100,074.35
[05:56:13][BG] [BG_100K_CHALLENGE][BTCUSD] Regime: VOLATILE (0.880)
[05:56:13][BG] [BG_100K_CHALLENGE][ETHUSD] Regime: VOLATILE (0.880)
[05:57:14][BG] [BG_5K_INSTANT] Connected - Balance: $4,997.71
[05:57:14][BG] [BG_5K_INSTANT][BTCUSD] Regime: VOLATILE (0.880)
[05:57:14][BG] [BG_5K_INSTANT][ETHUSD] Regime: VOLATILE (0.880)
[05:58:15][BG] [BG_100K_CHALLENGE] Connected - Balance: $100,074.35
[05:58:15][BG] [BG_100K_CHALLENGE][BTCUSD] Regime: VOLATILE (0.880)
[05:58:15][BG] [BG_100K_CHALLENGE][ETHUSD] Regime: VOLATILE (0.880)
[05:59:16][BG] [BG_5K_INSTANT] Connected - Balance: $4,997.71
[05:59:16][BG] [BG_5K_INSTANT][BTCUSD] Regime: VOLATILE (0.880)
[05:59:17][BG] [BG_5K_INSTANT][ETHUSD] Regime: VOLATILE (0.880)
[06:00:18][BG] [BG_100K_CHALLENGE] Connected - Balance: $100,074.35
[06:00:18][BG] [BG_100K_CHALLENGE][BTCUSD] Regime: VOLATILE (0.880)
[06:00:18][BG] [BG_100K_CHALLENGE][ETHUSD] Regime: VOLATILE (0.880)
[06:01:19][BG] [BG_5K_INSTANT] Connected - Balance: $4,997.71
[06:01:19][BG] [BG_5K_INSTANT][BTCUSD] Regime: VOLATILE (0.880)
[06:01:19][BG] [BG_5K_INSTANT][ETHUSD] Regime: VOLATILE (0.880)
[06:02:20][BG] [BG_100K_CHALLENGE] Connected - Balance: $100,074.35
[06:02:20][BG] [BG_100K_CHALLENGE][BTCUSD] Regime: VOLATILE (0.880)
[06:02:20][BG] [BG_100K_CHALLENGE][ETHUSD] Regime: VOLATILE (0.880)
[06:03:22][BG] [BG_5K_INSTANT] Connected - Balance: $4,997.71
[06:03:22][BG] [BG_5K_INSTANT][BTCUSD] Regime: VOLATILE (0.880)
[06:03:22][BG] [BG_5K_INSTANT][ETHUSD] Regime: VOLATILE (0.880)
[06:04:23][BG] [BG_100K_CHALLENGE] Connected - Balance: $100,074.35
[06:04:23][BG] [BG_100K_CHALLENGE][BTCUSD] Regime: VOLATILE (0.880)
[06:04:23][BG] [BG_100K_CHALLENGE][ETHUSD] Regime: VOLATILE (0.880)
[06:05:24][BG] [BG_5K_INSTANT] Connected - Balance: $4,997.71
[06:05:24][BG] [BG_5K_INSTANT][BTCUSD] Regime: VOLATILE (0.880)
[06:05:24][BG] [BG_5K_INSTANT][ETHUSD] Regime: VOLATILE (0.880)
[06:06:26][BG] [BG_100K_CHALLENGE] Connected - Balance: $100,074.35
[06:06:26][BG] [BG_100K_CHALLENGE][BTCUSD] Regime: VOLATILE (0.880)
[06:06:26][BG] [BG_100K_CHALLENGE][ETHUSD] Regime: VOLATILE (0.880)
[06:07:27][BG] [BG_5K_INSTANT] Connected - Balance: $4,997.71
[06:07:27][BG] [BG_5K_INSTANT][BTCUSD] Regime: VOLATILE (0.880)
[06:07:27][BG] [BG_5K_INSTANT][ETHUSD] Regime: VOLATILE (0.880)
[06:08:28][BG] [BG_100K_CHALLENGE] Connected - Balance: $100,074.35
[06:08:28][BG] [BG_100K_CHALLENGE][BTCUSD] Regime: VOLATILE (0.880)
[06:08:28][BG] [BG_100K_CHALLENGE][ETHUSD] Regime: VOLATILE (0.880)
[06:09:30][BG] [BG_5K_INSTANT] Connected - Balance: $4,997.71
[06:09:30][BG] [BG_5K_INSTANT][BTCUSD] Regime: VOLATILE (0.880)
[06:09:30][BG] [BG_5K_INSTANT][ETHUSD] Regime: VOLATILE (0.880)
[06:10:31][BG] [BG_100K_CHALLENGE] Connected - Balance: $100,074.35
[06:10:31][BG] [BG_100K_CHALLENGE][BTCUSD] Regime: VOLATILE (0.880)
[06:10:31][BG] [BG_100K_CHALLENGE][ETHUSD] Regime: VOLATILE (0.880)
[06:11:32][BG] [BG_5K_INSTANT] Connected - Balance: $4,997.71
[06:11:32][BG] [BG_5K_INSTANT][BTCUSD] Regime: VOLATILE (0.880)
[06:11:32][BG] [BG_5K_INSTANT][ETHUSD] Regime: VOLATILE (0.880)
[06:12:33][BG] [BG_100K_CHALLENGE] Connected - Balance: $100,074.35
[06:12:33][BG] [BG_100K_CHALLENGE][BTCUSD] Regime: VOLATILE (0.880)
[06:12:33][BG] [BG_100K_CHALLENGE][ETHUSD] Regime: VOLATILE (0.880)
[06:13:35][BG] [BG_5K_INSTANT] Connected - Balance: $4,997.71
[06:13:35][BG] [BG_5K_INSTANT][BTCUSD] Regime: VOLATILE (0.880)
[06:13:35][BG] [BG_5K_INSTANT][ETHUSD] Regime: VOLATILE (0.880)
[06:14:36][BG] [BG_100K_CHALLENGE] Connected - Balance: $100,074.35
[06:14:36][BG] [BG_100K_CHALLENGE][BTCUSD] Regime: VOLATILE (0.880)
[06:14:36][BG] [BG_100K_CHALLENGE][ETHUSD] Regime: VOLATILE (0.880)
[06:15:37][BG] [BG_5K_INSTANT] Connected - Balance: $4,997.71
[06:15:37][BG] [BG_5K_INSTANT][BTCUSD] Regime: VOLATILE (0.880)
[06:15:37][BG] [BG_5K_INSTANT][ETHUSD] Regime: VOLATILE (0.880)
[06:16:39][BG] [BG_100K_CHALLENGE] Connected - Balance: $100,074.35
[06:16:39][BG] [BG_100K_CHALLENGE][BTCUSD] Regime: VOLATILE (0.880)
[06:16:39][BG] [BG_100K_CHALLENGE][ETHUSD] Regime: VOLATILE (0.880)
[06:17:40][BG] [BG_5K_INSTANT] Connected - Balance: $4,997.71
[06:17:40][BG] [BG_5K_INSTANT][BTCUSD] Regime: VOLATILE (0.880)
[06:17:40][BG] [BG_5K_INSTANT][ETHUSD] Regime: VOLATILE (0.880)
[06:18:41][BG] [BG_100K_CHALLENGE] Connected - Balance: $100,074.35
[06:18:41][BG] [BG_100K_CHALLENGE][BTCUSD] Regime: VOLATILE (0.880)
[06:18:41][BG] [BG_100K_CHALLENGE][ETHUSD] Regime: VOLATILE (0.880)
[06:19:42][BG] [BG_5K_INSTANT] Connected - Balance: $4,997.71
[06:19:42][BG] [BG_5K_INSTANT][BTCUSD] Regime: VOLATILE (0.880)
[06:19:42][BG] [BG_5K_INSTANT][ETHUSD] Regime: VOLATILE (0.880)
[06:20:44][BG] [BG_100K_CHALLENGE] Connected - Balance: $100,074.35
[06:20:44][BG] [BG_100K_CHALLENGE][BTCUSD] Regime: VOLATILE (0.880)
[06:20:44][BG] [BG_100K_CHALLENGE][ETHUSD] Regime: VOLATILE (0.880)
[06:21:45][BG] [BG_5K_INSTANT] Connected - Balance: $4,997.71
[06:21:45][BG] [BG_5K_INSTANT][BTCUSD] Regime: VOLATILE (0.880)
[06:21:45][BG] [BG_5K_INSTANT][ETHUSD] Regime: VOLATILE (0.880)
[06:22:46][BG] [BG_100K_CHALLENGE] Connected - Balance: $100,074.35
[06:22:47][BG] [BG_100K_CHALLENGE][BTCUSD] Regime: VOLATILE (0.880)
[06:22:47][BG] [BG_100K_CHALLENGE][ETHUSD] Regime: VOLATILE (0.880)
[06:23:48][BG] [BG_5K_INSTANT] Connected - Balance: $4,997.71
[06:23:48][BG] [BG_5K_INSTANT][BTCUSD] Regime: VOLATILE (0.880)
[06:23:48][BG] [BG_5K_INSTANT][ETHUSD] Regime: VOLATILE (0.880)
[06:24:49][BG] [BG_100K_CHALLENGE] Connected - Balance: $100,074.35
[06:24:49][BG] [BG_100K_CHALLENGE][BTCUSD] Regime: VOLATILE (0.880)
[06:24:49][BG] [BG_100K_CHALLENGE][ETHUSD] Regime: VOLATILE (0.880)
[06:25:50][BG] [BG_5K_INSTANT] Connected - Balance: $4,997.71
[06:25:50][BG] [BG_5K_INSTANT][BTCUSD] Regime: VOLATILE (0.880)
[06:25:50][BG] [BG_5K_INSTANT][ETHUSD] Regime: VOLATILE (0.880)
[06:26:51][BG] [BG_100K_CHALLENGE] Connected - Balance: $100,074.35
[06:26:51][BG] [BG_100K_CHALLENGE][BTCUSD] Regime: VOLATILE (0.880)
[06:26:51][BG] [BG_100K_CHALLENGE][ETHUSD] Regime: VOLATILE (0.880)
[06:27:53][BG] [BG_5K_INSTANT] Connected - Balance: $4,997.71
[06:27:53][BG] [BG_5K_INSTANT][BTCUSD] Regime: VOLATILE (0.880)
[06:27:53][BG] [BG_5K_INSTANT][ETHUSD] Regime: VOLATILE (0.880)
[06:28:54][BG] [BG_100K_CHALLENGE] Connected - Balance: $100,074.35
[06:28:54][BG] [BG_100K_CHALLENGE][BTCUSD] Regime: VOLATILE (0.880)
[06:28:54][BG] [BG_100K_CHALLENGE][ETHUSD] Regime: VOLATILE (0.880)
[06:29:55][BG] [BG_5K_INSTANT] Connected - Balance: $4,997.71
[06:29:55][BG] [BG_5K_INSTANT][BTCUSD] Regime: VOLATILE (0.880)
[06:29:55][BG] [BG_5K_INSTANT][ETHUSD] Regime: VOLATILE (0.880)
[06:30:56][BG] [BG_100K_CHALLENGE] Connected - Balance: $100,074.35
[06:30:56][BG] [BG_100K_CHALLENGE][BTCUSD] Regime: VOLATILE (0.880)
[06:30:56][BG] [BG_100K_CHALLENGE][ETHUSD] Regime: VOLATILE (0.880)
[06:31:58][BG] [BG_5K_INSTANT] Connected - Balance: $4,997.71
[06:31:58][BG] [BG_5K_INSTANT][BTCUSD] Regime: VOLATILE (0.880)
[06:31:58][BG] [BG_5K_INSTANT][ETHUSD] Regime: VOLATILE (0.880)
[06:32:59][BG] [BG_100K_CHALLENGE] Connected - Balance: $100,074.35
[06:32:59][BG] [BG_100K_CHALLENGE][BTCUSD] Regime: VOLATILE (0.880)
[06:32:59][BG] [BG_100K_CHALLENGE][ETHUSD] Regime: VOLATILE (0.880)
[06:34:00][BG] [BG_5K_INSTANT] Connected - Balance: $4,997.71
[06:34:00][BG] [BG_5K_INSTANT][BTCUSD] Regime: VOLATILE (0.880)
[06:34:00][BG] [BG_5K_INSTANT][ETHUSD] Regime: VOLATILE (0.880)
[06:35:01][BG] [BG_100K_CHALLENGE] Connected - Balance: $100,074.35
[06:35:01][BG] [BG_100K_CHALLENGE][BTCUSD] Regime: VOLATILE (0.880)
[06:35:01][BG] [BG_100K_CHALLENGE][ETHUSD] Regime: VOLATILE (0.880)
[06:36:03][BG] [BG_5K_INSTANT] Connected - Balance: $4,997.71
[06:36:03][BG] [BG_5K_INSTANT][BTCUSD] Regime: VOLATILE (0.880)
[06:36:03][BG] [BG_5K_INSTANT][ETHUSD] Regime: VOLATILE (0.880)
[06:37:04][BG] [BG_100K_CHALLENGE] Connected - Balance: $100,074.35
[06:37:04][BG] [BG_100K_CHALLENGE][BTCUSD] Regime: VOLATILE (0.880)
[06:37:04][BG] [BG_100K_CHALLENGE][ETHUSD] Regime: VOLATILE (0.880)
[06:38:05][BG] [BG_5K_INSTANT] Connected - Balance: $4,997.71
[06:38:05][BG] [BG_5K_INSTANT][BTCUSD] Regime: VOLATILE (0.880)
[06:38:05][BG] [BG_5K_INSTANT][ETHUSD] Regime: VOLATILE (0.880)
[06:39:07][BG] [BG_100K_CHALLENGE] Connected - Balance: $100,074.35
[06:39:07][BG] [BG_100K_CHALLENGE][BTCUSD] Regime: VOLATILE (0.880)
[06:39:07][BG] [BG_100K_CHALLENGE][ETHUSD] Regime: VOLATILE (0.880)
[06:40:08][BG] [BG_5K_INSTANT] Connected - Balance: $4,997.71
[06:40:08][BG] [BG_5K_INSTANT][BTCUSD] Regime: VOLATILE (0.880)
[06:40:08][BG] [BG_5K_INSTANT][ETHUSD] Regime: VOLATILE (0.880)
[06:41:09][BG] [BG_100K_CHALLENGE] Connected - Balance: $100,074.35
[06:41:09][BG] [BG_100K_CHALLENGE][BTCUSD] Regime: VOLATILE (0.880)
[06:41:09][BG] [BG_100K_CHALLENGE][ETHUSD] Regime: VOLATILE (0.880)
[06:42:11][BG] [BG_5K_INSTANT] Connected - Balance: $4,997.71
[06:42:11][BG] [BG_5K_INSTANT][BTCUSD] Regime: VOLATILE (0.880)
[06:42:11][BG] [BG_5K_INSTANT][ETHUSD] Regime: VOLATILE (0.880)
[06:43:12][BG] [BG_100K_CHALLENGE] Connected - Balance: $100,074.35
[06:43:12][BG] [BG_100K_CHALLENGE][BTCUSD] Regime: VOLATILE (0.880)
[06:43:12][BG] [BG_100K_CHALLENGE][ETHUSD] Regime: VOLATILE (0.880)
[06:44:13][BG] [BG_5K_INSTANT] Connected - Balance: $4,997.71
[06:44:13][BG] [BG_5K_INSTANT][BTCUSD] Regime: VOLATILE (0.880)
[06:44:13][BG] [BG_5K_INSTANT][ETHUSD] Regime: VOLATILE (0.880)
[06:45:14][BG] [BG_100K_CHALLENGE] Connected - Balance: $100,074.35
[06:45:14][BG] [BG_100K_CHALLENGE][BTCUSD] Regime: VOLATILE (0.880)
[06:45:14][BG] [BG_100K_CHALLENGE][ETHUSD] Regime: VOLATILE (0.880)
[06:46:16][BG] [BG_5K_INSTANT] Connected - Balance: $4,997.71
[06:46:16][BG] [BG_5K_INSTANT][BTCUSD] Regime: VOLATILE (0.880)
[06:46:16][BG] [BG_5K_INSTANT][ETHUSD] Regime: VOLATILE (0.880)
[06:47:17][BG] [BG_100K_CHALLENGE] Connected - Balance: $100,074.35
[06:47:17][BG] [BG_100K_CHALLENGE][BTCUSD] Regime: VOLATILE (0.880)
[06:47:17][BG] [BG_100K_CHALLENGE][ETHUSD] Regime: VOLATILE (0.880)
[06:48:18][BG] [BG_5K_INSTANT] Connected - Balance: $4,997.71
[06:48:18][BG] [BG_5K_INSTANT][BTCUSD] Regime: VOLATILE (0.880)
[06:48:18][BG] [BG_5K_INSTANT][ETHUSD] Regime: VOLATILE (0.880)
[06:49:19][BG] [BG_100K_CHALLENGE] Connected - Balance: $100,074.35
[06:49:19][BG] [BG_100K_CHALLENGE][BTCUSD] Regime: VOLATILE (0.880)
[06:49:20][BG] [BG_100K_CHALLENGE][ETHUSD] Regime: VOLATILE (0.880)
[06:50:21][BG] [BG_5K_INSTANT] Connected - Balance: $4,997.71
[06:50:21][BG] [BG_5K_INSTANT][BTCUSD] Regime: VOLATILE (0.880)
[06:50:21][BG] [BG_5K_INSTANT][ETHUSD] Regime: VOLATILE (0.880)
[06:51:22][BG] [BG_100K_CHALLENGE] Connected - Balance: $100,074.35
[06:51:22][BG] [BG_100K_CHALLENGE][BTCUSD] Regime: VOLATILE (0.880)
[06:51:22][BG] [BG_100K_CHALLENGE][ETHUSD] Regime: VOLATILE (0.880)
[06:52:23][BG] [BG_5K_INSTANT] Connected - Balance: $4,997.71
[06:52:23][BG] [BG_5K_INSTANT][BTCUSD] Regime: VOLATILE (0.880)
[06:52:23][BG] [BG_5K_INSTANT][ETHUSD] Regime: VOLATILE (0.880)
[06:53:25][BG] [BG_100K_CHALLENGE] Connected - Balance: $100,074.35
[06:53:25][BG] [BG_100K_CHALLENGE][BTCUSD] Regime: VOLATILE (0.880)
[06:53:25][BG] [BG_100K_CHALLENGE][ETHUSD] Regime: VOLATILE (0.880)
[06:54:26][BG] [BG_5K_INSTANT] Connected - Balance: $4,997.71
[06:54:26][BG] [BG_5K_INSTANT][BTCUSD] Regime: VOLATILE (0.880)
[06:54:26][BG] [BG_5K_INSTANT][ETHUSD] Regime: VOLATILE (0.880)
[06:55:27][BG] [BG_100K_CHALLENGE] Connected - Balance: $100,074.35
[06:55:27][BG] [BG_100K_CHALLENGE][BTCUSD] Regime: VOLATILE (0.880)
[06:55:27][BG] [BG_100K_CHALLENGE][ETHUSD] Regime: VOLATILE (0.880)
[06:56:29][BG] [BG_5K_INSTANT] Connected - Balance: $4,997.71
[06:56:29][BG] [BG_5K_INSTANT][BTCUSD] Regime: VOLATILE (0.880)
[06:56:29][BG] [BG_5K_INSTANT][ETHUSD] Regime: VOLATILE (0.880)
[06:57:30][BG] [BG_100K_CHALLENGE] Connected - Balance: $100,074.35
[06:57:30][BG] [BG_100K_CHALLENGE][BTCUSD] Regime: VOLATILE (0.880)
[06:57:30][BG] [BG_100K_CHALLENGE][ETHUSD] Regime: VOLATILE (0.880)
[06:58:31][BG] [BG_5K_INSTANT] Connected - Balance: $4,997.71
[06:58:31][BG] [BG_5K_INSTANT][BTCUSD] Regime: VOLATILE (0.880)
[06:58:31][BG] [BG_5K_INSTANT][ETHUSD] Regime: VOLATILE (0.880)
[06:59:32][BG] [BG_100K_CHALLENGE] Connected - Balance: $100,074.35
[06:59:32][BG] [BG_100K_CHALLENGE][BTCUSD] Regime: VOLATILE (0.880)
[06:59:32][BG] [BG_100K_CHALLENGE][ETHUSD] Regime: VOLATILE (0.880)
[07:00:34][BG] [BG_5K_INSTANT] Connected - Balance: $4,997.71
[07:00:34][BG] [BG_5K_INSTANT][BTCUSD] Regime: VOLATILE (0.880)
[07:00:34][BG] [BG_5K_INSTANT][ETHUSD] Regime: VOLATILE (0.880)
[07:01:35][BG] [BG_100K_CHALLENGE] Connected - Balance: $100,074.35
[07:01:35][BG] [BG_100K_CHALLENGE][BTCUSD] Regime: VOLATILE (0.880)
[07:01:35][BG] [BG_100K_CHALLENGE][ETHUSD] Regime: VOLATILE (0.880)
[07:02:36][BG] [BG_5K_INSTANT] Connected - Balance: $4,997.71
[07:02:36][BG] [BG_5K_INSTANT][BTCUSD] Regime: VOLATILE (0.880)
[07:02:36][BG] [BG_5K_INSTANT][ETHUSD] Regime: VOLATILE (0.880)
[07:03:38][BG] [BG_100K_CHALLENGE] Connected - Balance: $100,074.35
[07:03:38][BG] [BG_100K_CHALLENGE][BTCUSD] Regime: VOLATILE (0.880)
[07:03:38][BG] [BG_100K_CHALLENGE][ETHUSD] Regime: VOLATILE (0.880)
[07:04:39][BG] [BG_5K_INSTANT] Connected - Balance: $4,997.71
[07:04:39][BG] [BG_5K_INSTANT][BTCUSD] Regime: VOLATILE (0.880)
[07:04:39][BG] [BG_5K_INSTANT][ETHUSD] Regime: VOLATILE (0.880)
[07:05:40][BG] [BG_100K_CHALLENGE] Connected - Balance: $100,074.35
[07:05:40][BG] [BG_100K_CHALLENGE][BTCUSD] Regime: VOLATILE (0.880)
[07:05:40][BG] [BG_100K_CHALLENGE][ETHUSD] Regime: VOLATILE (0.880)
[07:06:41][BG] [BG_5K_INSTANT] Connected - Balance: $4,997.71
[07:06:41][BG] [BG_5K_INSTANT][BTCUSD] Regime: VOLATILE (0.880)
[07:06:41][BG] [BG_5K_INSTANT][ETHUSD] Regime: VOLATILE (0.880)
[07:07:43][BG] [BG_100K_CHALLENGE] Connected - Balance: $100,074.35
[07:07:43][BG] [BG_100K_CHALLENGE][BTCUSD] Regime: VOLATILE (0.880)
[07:07:43][BG] [BG_100K_CHALLENGE][ETHUSD] Regime: VOLATILE (0.880)
[07:08:44][BG] [BG_5K_INSTANT] Connected - Balance: $4,997.71
[07:08:44][BG] [BG_5K_INSTANT][BTCUSD] Regime: VOLATILE (0.880)
[07:08:44][BG] [BG_5K_INSTANT][ETHUSD] Regime: VOLATILE (0.880)
[07:09:45][BG] [BG_100K_CHALLENGE] Connected - Balance: $100,074.35
[07:09:45][BG] [BG_100K_CHALLENGE][BTCUSD] Regime: VOLATILE (0.880)
[07:09:45][BG] [BG_100K_CHALLENGE][ETHUSD] Regime: VOLATILE (0.880)
[07:10:45][BG] [BG_5K_INSTANT] Connected - Balance: $4,997.71
[07:10:45][BG] [BG_5K_INSTANT][BTCUSD] Regime: VOLATILE (0.880)
[07:10:45][BG] [BG_5K_INSTANT][ETHUSD] Regime: VOLATILE (0.880)
[07:11:46][BG] [BG_100K_CHALLENGE] Connected - Balance: $100,074.35
[07:11:46][BG] [BG_100K_CHALLENGE][BTCUSD] Regime: VOLATILE (0.880)
[07:11:46][BG] [BG_100K_CHALLENGE][ETHUSD] Regime: VOLATILE (0.880)
