[04:19:57][BG] Initializing: ['BG_5K_INSTANT', 'BG_100K_CHALLENGE']
[04:19:57][BG] Loaded 51 experts
[04:19:57][BG] Loaded 51 experts
[04:19:57][BG] [BG_5K_INSTANT] Connected - Balance: $4,997.71
[04:19:57][BG] [BG_5K_INSTANT][BTCUSD] Regime: VOLATILE (0.880)
[04:19:57][BG] [BG_5K_INSTANT][ETHUSD] Regime: VOLATILE (0.880)
[04:20:58][BG] [BG_100K_CHALLENGE] Connected - Balance: $100,074.35
[04:20:58][BG] [BG_100K_CHALLENGE][BTCUSD] Regime: VOLATILE (0.880)
[04:20:58][BG] [BG_100K_CHALLENGE][ETHUSD] Regime: VOLATILE (0.880)
[04:21:59][BG] [BG_5K_INSTANT] Connected - Balance: $4,997.71
[04:21:59][BG] [BG_5K_INSTANT][BTCUSD] Regime: VOLATILE (0.880)
[04:21:59][BG] [BG_5K_INSTANT][ETHUSD] Regime: VOLATILE (0.880)
[04:23:01][BG] [BG_100K_CHALLENGE] Connected - Balance: $100,074.35
[04:23:01][BG] [BG_100K_CHALLENGE][BTCUSD] Regime: VOLATILE (0.880)
[04:23:01][BG] [BG_100K_CHALLENGE][ETHUSD] Regime: VOLATILE (0.880)
[04:24:02][BG] [BG_5K_INSTANT] Connected - Balance: $4,997.71
[04:24:02][BG] [BG_5K_INSTANT][BTCUSD] Regime: VOLATILE (0.880)
[04:24:02][BG] [BG_5K_INSTANT][ETHUSD] Regime: VOLATILE (0.880)
[04:25:03][BG] [BG_100K_CHALLENGE] Connected - Balance: $100,074.35
[04:25:03][BG] [BG_100K_CHALLENGE][BTCUSD] Regime: VOLATILE (0.880)
[04:25:03][BG] [BG_100K_CHALLENGE][ETHUSD] Regime: VOLATILE (0.880)
[04:26:03][BG] [BG_5K_INSTANT] Connected - Balance: $4,997.71
[04:26:03][BG] [BG_5K_INSTANT][BTCUSD] Regime: VOLATILE (0.880)
[04:26:03][BG] [BG_5K_INSTANT][ETHUSD] Regime: VOLATILE (0.880)
[04:27:03][BG] [BG_100K_CHALLENGE] Connected - Balance: $100,074.35
[04:27:03][BG] [BG_100K_CHALLENGE][BTCUSD] Regime: VOLATILE (0.880)
[04:27:03][BG] [BG_100K_CHALLENGE][ETHUSD] Regime: VOLATILE (0.880)
[04:28:03][BG] [BG_5K_INSTANT] Connected - Balance: $4,997.71
[04:28:03][BG] [BG_5K_INSTANT][BTCUSD] Regime: VOLATILE (0.880)
[04:28:03][BG] [BG_5K_INSTANT][ETHUSD] Regime: VOLATILE (0.880)
[04:29:03][BG] [BG_100K_CHALLENGE] Connected - Balance: $100,074.35
[04:29:03][BG] [BG_100K_CHALLENGE][BTCUSD] Regime: VOLATILE (0.880)
[04:29:03][BG] [BG_100K_CHALLENGE][ETHUSD] Regime: VOLATILE (0.880)
[04:30:03][BG] [BG_5K_INSTANT] Connected - Balance: $4,997.71
[04:30:03][BG] [BG_5K_INSTANT][BTCUSD] Regime: VOLATILE (0.880)
[04:30:03][BG] [BG_5K_INSTANT][ETHUSD] Regime: VOLATILE (0.880)
[04:31:03][BG] [BG_100K_CHALLENGE] Connected - Balance: $100,074.35
[04:31:03][BG] [BG_100K_CHALLENGE][BTCUSD] Regime: VOLATILE (0.880)
[04:31:03][BG] [BG_100K_CHALLENGE][ETHUSD] Regime: VOLATILE (0.880)
[04:32:03][BG] [BG_5K_INSTANT] Connected - Balance: $4,997.71
[04:32:03][BG] [BG_5K_INSTANT][BTCUSD] Regime: VOLATILE (0.880)
[04:32:03][BG] [BG_5K_INSTANT][ETHUSD] Regime: VOLATILE (0.880)
[04:33:03][BG] [BG_100K_CHALLENGE] Connected - Balance: $100,074.35
[04:33:03][BG] [BG_100K_CHALLENGE][BTCUSD] Regime: VOLATILE (0.880)
[04:33:03][BG] [BG_100K_CHALLENGE][ETHUSD] Regime: VOLATILE (0.880)
[04:34:03][BG] [BG_5K_INSTANT] Connected - Balance: $4,997.71
[04:34:03][BG] [BG_5K_INSTANT][BTCUSD] Regime: VOLATILE (0.880)
[04:34:03][BG] [BG_5K_INSTANT][ETHUSD] Regime: VOLATILE (0.880)
[04:35:03][BG] [BG_100K_CHALLENGE] Connected - Balance: $100,074.35
[04:35:03][BG] [BG_100K_CHALLENGE][BTCUSD] Regime: VOLATILE (0.880)
[04:35:03][BG] [BG_100K_CHALLENGE][ETHUSD] Regime: VOLATILE (0.880)
[04:36:03][BG] [BG_5K_INSTANT] Connected - Balance: $4,997.71
[04:36:03][BG] [BG_5K_INSTANT][BTCUSD] Regime: VOLATILE (0.880)
[04:36:03][BG] [BG_5K_INSTANT][ETHUSD] Regime: VOLATILE (0.880)
[04:37:03][BG] [BG_100K_CHALLENGE] Connected - Balance: $100,074.35
[04:37:03][BG] [BG_100K_CHALLENGE][BTCUSD] Regime: VOLATILE (0.880)
[04:37:03][BG] [BG_100K_CHALLENGE][ETHUSD] Regime: VOLATILE (0.880)
[04:38:03][BG] [BG_5K_INSTANT] Connected - Balance: $4,997.71
[04:38:03][BG] [BG_5K_INSTANT][BTCUSD] Regime: VOLATILE (0.880)
[04:38:03][BG] [BG_5K_INSTANT][ETHUSD] Regime: VOLATILE (0.880)
[04:39:03][BG] [BG_100K_CHALLENGE] Connected - Balance: $100,074.35
[04:39:03][BG] [BG_100K_CHALLENGE][BTCUSD] Regime: VOLATILE (0.880)
[04:39:03][BG] [BG_100K_CHALLENGE][ETHUSD] Regime: VOLATILE (0.880)
[04:40:03][BG] [BG_5K_INSTANT] Connected - Balance: $4,997.71
[04:40:03][BG] [BG_5K_INSTANT][BTCUSD] Regime: VOLATILE (0.880)
[04:40:03][BG] [BG_5K_INSTANT][ETHUSD] Regime: VOLATILE (0.880)
[04:41:03][BG] [BG_100K_CHALLENGE] Connected - Balance: $100,074.35
[04:41:03][BG] [BG_100K_CHALLENGE][BTCUSD] Regime: VOLATILE (0.880)
[04:41:03][BG] [BG_100K_CHALLENGE][ETHUSD] Regime: VOLATILE (0.880)
[04:42:03][BG] [BG_5K_INSTANT] Connected - Balance: $4,997.71
[04:42:03][BG] [BG_5K_INSTANT][BTCUSD] Regime: VOLATILE (0.880)
[04:42:03][BG] [BG_5K_INSTANT][ETHUSD] Regime: VOLATILE (0.880)
[04:43:03][BG] [BG_100K_CHALLENGE] Connected - Balance: $100,074.35
[04:43:03][BG] [BG_100K_CHALLENGE][BTCUSD] Regime: VOLATILE (0.880)
[04:43:03][BG] [BG_100K_CHALLENGE][ETHUSD] Regime: VOLATILE (0.880)
[04:44:03][BG] [BG_5K_INSTANT] Connected - Balance: $4,997.71
[04:44:03][BG] [BG_5K_INSTANT][BTCUSD] Regime: VOLATILE (0.880)
[04:44:03][BG] [BG_5K_INSTANT][ETHUSD] Regime: VOLATILE (0.880)
[04:45:03][BG] [BG_100K_CHALLENGE] Connected - Balance: $100,074.35
[04:45:03][BG] [BG_100K_CHALLENGE][BTCUSD] Regime: VOLATILE (0.880)
[04:45:03][BG] [BG_100K_CHALLENGE][ETHUSD] Regime: VOLATILE (0.880)
[04:46:03][BG] [BG_5K_INSTANT] Connected - Balance: $4,997.71
[04:46:03][BG] [BG_5K_INSTANT][BTCUSD] Regime: VOLATILE (0.880)
[04:46:03][BG] [BG_5K_INSTANT][ETHUSD] Regime: VOLATILE (0.880)
[04:47:03][BG] [BG_100K_CHALLENGE] Connected - Balance: $100,074.35
[04:47:03][BG] [BG_100K_CHALLENGE][BTCUSD] Regime: VOLATILE (0.880)
[04:47:03][BG] [BG_100K_CHALLENGE][ETHUSD] Regime: VOLATILE (0.880)
[04:48:03][BG] [BG_5K_INSTANT] Connected - Balance: $4,997.71
[04:48:03][BG] [BG_5K_INSTANT][BTCUSD] Regime: VOLATILE (0.880)
[04:48:03][BG] [BG_5K_INSTANT][ETHUSD] Regime: VOLATILE (0.880)
[04:49:03][BG] [BG_100K_CHALLENGE] Connected - Balance: $100,074.35
[04:49:03][BG] [BG_100K_CHALLENGE][BTCUSD] Regime: VOLATILE (0.880)
[04:49:03][BG] [BG_100K_CHALLENGE][ETHUSD] Regime: VOLATILE (0.880)
[04:50:03][BG] [BG_5K_INSTANT] Connected - Balance: $4,997.71
[04:50:03][BG] [BG_5K_INSTANT][BTCUSD] Regime: VOLATILE (0.880)
[04:50:03][BG] [BG_5K_INSTANT][ETHUSD] Regime: VOLATILE (0.880)
[04:51:03][BG] [BG_100K_CHALLENGE] Connected - Balance: $100,074.35
[04:51:03][BG] [BG_100K_CHALLENGE][BTCUSD] Regime: VOLATILE (0.880)
[04:51:03][BG] [BG_100K_CHALLENGE][ETHUSD] Regime: VOLATILE (0.880)
[04:52:03][BG] [BG_5K_INSTANT] Connected - Balance: $4,997.71
[04:52:03][BG] [BG_5K_INSTANT][BTCUSD] Regime: VOLATILE (0.880)
[04:52:04][BG] [BG_5K_INSTANT][ETHUSD] Regime: VOLATILE (0.880)
[04:53:04][BG] [BG_100K_CHALLENGE] Connected - Balance: $100,074.35
[04:53:04][BG] [BG_100K_CHALLENGE][BTCUSD] Regime: VOLATILE (0.880)
[04:53:04][BG] [BG_100K_CHALLENGE][ETHUSD] Regime: VOLATILE (0.880)
[04:54:04][BG] [BG_5K_INSTANT] Connected - Balance: $4,997.71
[04:54:04][BG] [BG_5K_INSTANT][BTCUSD] Regime: VOLATILE (0.880)
[04:54:04][BG] [BG_5K_INSTANT][ETHUSD] Regime: VOLATILE (0.880)
[04:55:04][BG] [BG_100K_CHALLENGE] Connected - Balance: $100,074.35
[04:55:04][BG] [BG_100K_CHALLENGE][BTCUSD] Regime: VOLATILE (0.880)
[04:55:04][BG] [BG_100K_CHALLENGE][ETHUSD] Regime: VOLATILE (0.880)
[04:56:04][BG] [BG_5K_INSTANT] Connected - Balance: $4,997.71
[04:56:04][BG] [BG_5K_INSTANT][BTCUSD] Regime: VOLATILE (0.880)
[04:56:04][BG] [BG_5K_INSTANT][ETHUSD] Regime: VOLATILE (0.880)
[04:57:04][BG] [BG_100K_CHALLENGE] Connected - Balance: $100,074.35
[04:57:04][BG] [BG_100K_CHALLENGE][BTCUSD] Regime: VOLATILE (0.880)
[04:57:04][BG] [BG_100K_CHALLENGE][ETHUSD] Regime: VOLATILE (0.880)
[04:58:04][BG] [BG_5K_INSTANT] Connected - Balance: $4,997.71
[04:58:04][BG] [BG_5K_INSTANT][BTCUSD] Regime: VOLATILE (0.880)
[04:58:04][BG] [BG_5K_INSTANT][ETHUSD] Regime: VOLATILE (0.880)
[04:59:04][BG] [BG_100K_CHALLENGE] Connected - Balance: $100,074.35
[04:59:04][BG] [BG_100K_CHALLENGE][BTCUSD] Regime: VOLATILE (0.880)
[04:59:04][BG] [BG_100K_CHALLENGE][ETHUSD] Regime: VOLATILE (0.880)
[05:00:04][BG] [BG_5K_INSTANT] Connected - Balance: $4,997.71
[05:00:04][BG] [BG_5K_INSTANT][BTCUSD] Regime: VOLATILE (0.880)
[05:00:04][BG] [BG_5K_INSTANT][ETHUSD] Regime: VOLATILE (0.880)
[05:01:05][BG] [BG_100K_CHALLENGE] Connected - Balance: $100,074.35
[05:01:05][BG] [BG_100K_CHALLENGE][BTCUSD] Regime: VOLATILE (0.880)
[05:01:05][BG] [BG_100K_CHALLENGE][ETHUSD] Regime: VOLATILE (0.880)
[05:02:06][BG] [BG_5K_INSTANT] Connected - Balance: $4,997.71
[05:02:06][BG] [BG_5K_INSTANT][BTCUSD] Regime: VOLATILE (0.880)
[05:02:06][BG] [BG_5K_INSTANT][ETHUSD] Regime: VOLATILE (0.880)
[05:03:08][BG] [BG_100K_CHALLENGE] Connected - Balance: $100,074.35
[05:03:08][BG] [BG_100K_CHALLENGE][BTCUSD] Regime: VOLATILE (0.880)
[05:03:08][BG] [BG_100K_CHALLENGE][ETHUSD] Regime: VOLATILE (0.880)
[05:04:09][BG] [BG_5K_INSTANT] Connected - Balance: $4,997.71
[05:04:09][BG] [BG_5K_INSTANT][BTCUSD] Regime: VOLATILE (0.880)
[05:04:09][BG] [BG_5K_INSTANT][ETHUSD] Regime: VOLATILE (0.880)
[05:05:10][BG] [BG_100K_CHALLENGE] Connected - Balance: $100,074.35
[05:05:10][BG] [BG_100K_CHALLENGE][BTCUSD] Regime: VOLATILE (0.880)
[05:05:10][BG] [BG_100K_CHALLENGE][ETHUSD] Regime: VOLATILE (0.880)
[05:06:11][BG] [BG_5K_INSTANT] Connected - Balance: $4,997.71
[05:06:11][BG] [BG_5K_INSTANT][BTCUSD] Regime: VOLATILE (0.880)
[05:06:11][BG] [BG_5K_INSTANT][ETHUSD] Regime: VOLATILE (0.880)
[05:07:12][BG] [BG_100K_CHALLENGE] Connected - Balance: $100,074.35
[05:07:12][BG] [BG_100K_CHALLENGE][BTCUSD] Regime: VOLATILE (0.880)
[05:07:12][BG] [BG_100K_CHALLENGE][ETHUSD] Regime: VOLATILE (0.880)
[05:08:14][BG] [BG_5K_INSTANT] Connected - Balance: $4,997.71
[05:08:14][BG] [BG_5K_INSTANT][BTCUSD] Regime: VOLATILE (0.880)
[05:08:14][BG] [BG_5K_INSTANT][ETHUSD] Regime: VOLATILE (0.880)
[05:09:15][BG] [BG_100K_CHALLENGE] Connected - Balance: $100,074.35
[05:09:15][BG] [BG_100K_CHALLENGE][BTCUSD] Regime: VOLATILE (0.880)
[05:09:15][BG] [BG_100K_CHALLENGE][ETHUSD] Regime: VOLATILE (0.880)
[05:10:16][BG] [BG_5K_INSTANT] Connected - Balance: $4,997.71
[05:10:16][BG] [BG_5K_INSTANT][BTCUSD] Regime: VOLATILE (0.880)
[05:10:16][BG] [BG_5K_INSTANT][ETHUSD] Regime: VOLATILE (0.880)
[05:11:17][BG] [BG_100K_CHALLENGE] Connected - Balance: $100,074.35
[05:11:17][BG] [BG_100K_CHALLENGE][BTCUSD] Regime: VOLATILE (0.880)
[05:11:17][BG] [BG_100K_CHALLENGE][ETHUSD] Regime: VOLATILE (0.880)
[05:12:19][BG] [BG_5K_INSTANT] Connected - Balance: $4,997.71
[05:12:19][BG] [BG_5K_INSTANT][BTCUSD] Regime: VOLATILE (0.880)
[05:12:19][BG] [BG_5K_INSTANT][ETHUSD] Regime: VOLATILE (0.880)
[05:13:20][BG] [BG_100K_CHALLENGE] Connected - Balance: $100,074.35
[05:13:20][BG] [BG_100K_CHALLENGE][BTCUSD] Regime: VOLATILE (0.880)
[05:13:20][BG] [BG_100K_CHALLENGE][ETHUSD] Regime: VOLATILE (0.880)
[05:14:21][BG] [BG_5K_INSTANT] Connected - Balance: $4,997.71
[05:14:21][BG] [BG_5K_INSTANT][BTCUSD] Regime: VOLATILE (0.880)
[05:14:21][BG] [BG_5K_INSTANT][ETHUSD] Regime: VOLATILE (0.880)
[05:15:22][BG] [BG_100K_CHALLENGE] Connected - Balance: $100,074.35
[05:15:22][BG] [BG_100K_CHALLENGE][BTCUSD] Regime: VOLATILE (0.880)
[05:15:22][BG] [BG_100K_CHALLENGE][ETHUSD] Regime: VOLATILE (0.880)
[05:16:23][BG] [BG_5K_INSTANT] Connected - Balance: $4,997.71
[05:16:23][BG] [BG_5K_INSTANT][BTCUSD] Regime: VOLATILE (0.880)
[05:16:23][BG] [BG_5K_INSTANT][ETHUSD] Regime: VOLATILE (0.880)
[05:17:24][BG] [BG_100K_CHALLENGE] Connected - Balance: $100,074.35
[05:17:24][BG] [BG_100K_CHALLENGE][BTCUSD] Regime: VOLATILE (0.880)
[05:17:24][BG] [BG_100K_CHALLENGE][ETHUSD] Regime: VOLATILE (0.880)
[05:18:26][BG] [BG_5K_INSTANT] Connected - Balance: $4,997.71
[05:18:26][BG] [BG_5K_INSTANT][BTCUSD] Regime: VOLATILE (0.880)
[05:18:26][BG] [BG_5K_INSTANT][ETHUSD] Regime: VOLATILE (0.880)
[05:19:27][BG] [BG_100K_CHALLENGE] Connected - Balance: $100,074.35
[05:19:27][BG] [BG_100K_CHALLENGE][BTCUSD] Regime: VOLATILE (0.880)
[05:19:27][BG] [BG_100K_CHALLENGE][ETHUSD] Regime: VOLATILE (0.880)
[05:20:28][BG] [BG_5K_INSTANT] Connected - Balance: $4,997.71
[05:20:28][BG] [BG_5K_INSTANT][BTCUSD] Regime: VOLATILE (0.880)
[05:20:28][BG] [BG_5K_INSTANT][ETHUSD] Regime: VOLATILE (0.880)
[05:21:29][BG] [BG_100K_CHALLENGE] Connected - Balance: $100,074.35
[05:21:29][BG] [BG_100K_CHALLENGE][BTCUSD] Regime: VOLATILE (0.880)
[05:21:29][BG] [BG_100K_CHALLENGE][ETHUSD] Regime: VOLATILE (0.880)
[05:22:31][BG] [BG_5K_INSTANT] Connected - Balance: $4,997.71
[05:22:31][BG] [BG_5K_INSTANT][BTCUSD] Regime: VOLATILE (0.880)
[05:22:31][BG] [BG_5K_INSTANT][ETHUSD] Regime: VOLATILE (0.880)
[05:23:32][BG] [BG_100K_CHALLENGE] Connected - Balance: $100,074.35
[05:23:32][BG] [BG_100K_CHALLENGE][BTCUSD] Regime: VOLATILE (0.880)
[05:23:32][BG] [BG_100K_CHALLENGE][ETHUSD] Regime: VOLATILE (0.880)
[05:24:33][BG] [BG_5K_INSTANT] Connected - Balance: $4,997.71
[05:24:33][BG] [BG_5K_INSTANT][BTCUSD] Regime: VOLATILE (0.880)
[05:24:33][BG] [BG_5K_INSTANT][ETHUSD] Regime: VOLATILE (0.880)
[05:25:35][BG] [BG_100K_CHALLENGE] Connected - Balance: $100,074.35
[05:25:35][BG] [BG_100K_CHALLENGE][BTCUSD] Regime: VOLATILE (0.880)
[05:25:35][BG] [BG_100K_CHALLENGE][ETHUSD] Regime: VOLATILE (0.880)
[05:26:36][BG] [BG_5K_INSTANT] Connected - Balance: $4,997.71
[05:26:36][BG] [BG_5K_INSTANT][BTCUSD] Regime: VOLATILE (0.880)
[05:26:36][BG] [BG_5K_INSTANT][ETHUSD] Regime: VOLATILE (0.880)
[05:27:38][BG] [BG_100K_CHALLENGE] Connected - Balance: $100,074.35
[05:27:38][BG] [BG_100K_CHALLENGE][BTCUSD] Regime: VOLATILE (0.880)
[05:27:38][BG] [BG_100K_CHALLENGE][ETHUSD] Regime: VOLATILE (0.880)
[05:28:39][BG] [BG_5K_INSTANT] Connected - Balance: $4,997.71
[05:28:39][BG] [BG_5K_INSTANT][BTCUSD] Regime: VOLATILE (0.880)
[05:28:39][BG] [BG_5K_INSTANT][ETHUSD] Regime: VOLATILE (0.880)
[05:29:40][BG] [BG_100K_CHALLENGE] Connected - Balance: $100,074.35
[05:29:40][BG] [BG_100K_CHALLENGE][BTCUSD] Regime: VOLATILE (0.880)
[05:29:40][BG] [BG_100K_CHALLENGE][ETHUSD] Regime: VOLATILE (0.880)
[05:30:41][BG] [BG_5K_INSTANT] Connected - Balance: $4,997.71
[05:30:41][BG] [BG_5K_INSTANT][BTCUSD] Regime: VOLATILE (0.880)
[05:30:41][BG] [BG_5K_INSTANT][ETHUSD] Regime: VOLATILE (0.880)
[05:31:42][BG] [BG_100K_CHALLENGE] Connected - Balance: $100,074.35
[05:31:42][BG] [BG_100K_CHALLENGE][BTCUSD] Regime: VOLATILE (0.880)
[05:31:42][BG] [BG_100K_CHALLENGE][ETHUSD] Regime: VOLATILE (0.880)
[05:32:43][BG] [BG_5K_INSTANT] Connected - Balance: $4,997.71
[05:32:43][BG] [BG_5K_INSTANT][BTCUSD] Regime: VOLATILE (0.880)
[05:32:43][BG] [BG_5K_INSTANT][ETHUSD] Regime: VOLATILE (0.880)
[05:33:45][BG] [BG_100K_CHALLENGE] Connected - Balance: $100,074.35
[05:33:45][BG] [BG_100K_CHALLENGE][BTCUSD] Regime: VOLATILE (0.880)
[05:33:45][BG] [BG_100K_CHALLENGE][ETHUSD] Regime: VOLATILE (0.880)
[05:34:46][BG] [BG_5K_INSTANT] Connected - Balance: $4,997.71
[05:34:46][BG] [BG_5K_INSTANT][BTCUSD] Regime: VOLATILE (0.880)
[05:34:46][BG] [BG_5K_INSTANT][ETHUSD] Regime: VOLATILE (0.880)
[05:35:47][BG] [BG_100K_CHALLENGE] Connected - Balance: $100,074.35
[05:35:47][BG] [BG_100K_CHALLENGE][BTCUSD] Regime: VOLATILE (0.880)
[05:35:47][BG] [BG_100K_CHALLENGE][ETHUSD] Regime: VOLATILE (0.880)
[05:36:48][BG] [BG_5K_INSTANT] Connected - Balance: $4,997.71
[05:36:48][BG] [BG_5K_INSTANT][BTCUSD] Regime: VOLATILE (0.880)
[05:36:48][BG] [BG_5K_INSTANT][ETHUSD] Regime: VOLATILE (0.880)
[05:37:50][BG] [BG_100K_CHALLENGE] Connected - Balance: $100,074.35
[05:37:50][BG] [BG_100K_CHALLENGE][BTCUSD] Regime: VOLATILE (0.880)
[05:37:50][BG] [BG_100K_CHALLENGE][ETHUSD] Regime: VOLATILE (0.880)
[05:38:51][BG] [BG_5K_INSTANT] Connected - Balance: $4,997.71
[05:38:51][BG] [BG_5K_INSTANT][BTCUSD] Regime: VOLATILE (0.880)
[05:38:51][BG] [BG_5K_INSTANT][ETHUSD] Regime: VOLATILE (0.880)
[05:39:52][BG] [BG_100K_CHALLENGE] Connected - Balance: $100,074.35
[05:39:52][BG] [BG_100K_CHALLENGE][BTCUSD] Regime: VOLATILE (0.880)
[05:39:52][BG] [BG_100K_CHALLENGE][ETHUSD] Regime: VOLATILE (0.880)
[05:40:54][BG] [BG_5K_INSTANT] Connected - Balance: $4,997.71
[05:40:54][BG] [BG_5K_INSTANT][BTCUSD] Regime: VOLATILE (0.880)
[05:40:54][BG] [BG_5K_INSTANT][ETHUSD] Regime: VOLATILE (0.880)
[05:41:55][BG] [BG_100K_CHALLENGE] Connected - Balance: $100,074.35
[05:41:55][BG] [BG_100K_CHALLENGE][BTCUSD] Regime: VOLATILE (0.880)
[05:41:55][BG] [BG_100K_CHALLENGE][ETHUSD] Regime: VOLATILE (0.880)
[05:42:56][BG] [BG_5K_INSTANT] Connected - Balance: $4,997.71
[05:42:56][BG] [BG_5K_INSTANT][BTCUSD] Regime: VOLATILE (0.880)
[05:42:56][BG] [BG_5K_INSTANT][ETHUSD] Regime: VOLATILE (0.880)
[05:43:57][BG] [BG_100K_CHALLENGE] Connected - Balance: $100,074.35
[05:43:57][BG] [BG_100K_CHALLENGE][BTCUSD] Regime: VOLATILE (0.880)
[05:43:57][BG] [BG_100K_CHALLENGE][ETHUSD] Regime: VOLATILE (0.880)
[05:44:59][BG] [BG_5K_INSTANT] Connected - Balance: $4,997.71
[05:44:59][BG] [BG_5K_INSTANT][BTCUSD] Regime: VOLATILE (0.880)
[05:44:59][BG] [BG_5K_INSTANT][ETHUSD] Regime: VOLATILE (0.880)
[05:46:00][BG] [BG_100K_CHALLENGE] Connected - Balance: $100,074.35
[05:46:00][BG] [BG_100K_CHALLENGE][BTCUSD] Regime: VOLATILE (0.880)
[05:46:00][BG] [BG_100K_CHALLENGE][ETHUSD] Regime: VOLATILE (0.880)
[05:47:01][BG] [BG_5K_INSTANT] Connected - Balance: $4,997.71
[05:47:01][BG] [BG_5K_INSTANT][BTCUSD] Regime: VOLATILE (0.880)
[05:47:01][BG] [BG_5K_INSTANT][ETHUSD] Regime: VOLATILE (0.880)
[05:48:02][BG] [BG_100K_CHALLENGE] Connected - Balance: $100,074.35
[05:48:02][BG] [BG_100K_CHALLENGE][BTCUSD] Regime: VOLATILE (0.880)
[05:48:02][BG] [BG_100K_CHALLENGE][ETHUSD] Regime: VOLATILE (0.880)
[05:49:04][BG] [BG_5K_INSTANT] Connected - Balance: $4,997.71
[05:49:04][BG] [BG_5K_INSTANT][BTCUSD] Regime: VOLATILE (0.880)
[05:49:04][BG] [BG_5K_INSTANT][ETHUSD] Regime: VOLATILE (0.880)
[05:50:05][BG] [BG_100K_CHALLENGE] Connected - Balance: $100,074.35
[05:50:05][BG] [BG_100K_CHALLENGE][BTCUSD] Regime: VOLATILE (0.880)
[05:50:05][BG] [BG_100K_CHALLENGE][ETHUSD] Regime: VOLATILE (0.880)
[05:51:06][BG] [BG_5K_INSTANT] Connected - Balance: $4,997.71
[05:51:06][BG] [BG_5K_INSTANT][BTCUSD] Regime: VOLATILE (0.880)
[05:51:06][BG] [BG_5K_INSTANT][ETHUSD] Regime: VOLATILE (0.880)
[05:52:08][BG] [BG_100K_CHALLENGE] Connected - Balance: $100,074.35
[05:52:08][BG] [BG_100K_CHALLENGE][BTCUSD] Regime: VOLATILE (0.880)
[05:52:08][BG] [BG_100K_CHALLENGE][ETHUSD] Regime: VOLATILE (0.880)
[05:53:09][BG] [BG_5K_INSTANT] Connected - Balance: $4,997.71
[05:53:09][BG] [BG_5K_INSTANT][BTCUSD] Regime: VOLATILE (0.880)
[05:53:09][BG] [BG_5K_INSTANT][ETHUSD] Regime: VOLATILE (0.880)
[05:54:10][BG] [BG_100K_CHALLENGE] Connected - Balance: $100,074.35
[05:54:10][BG] [BG_100K_CHALLENGE][BTCUSD] Regime: VOLATILE (0.880)
[05:54:10][BG] [BG_100K_CHALLENGE][ETHUSD] Regime: VOLATILE (0.880)
[05:55:11][BG] [BG_5K_INSTANT] Connected - Balance: $4,997.71
[05:55:11][BG] [BG_5K_INSTANT][BTCUSD] Regime: VOLATILE (0.880)
[05:55:11][BG] [BG_5K_INSTANT][ETHUSD] Regime: VOLATILE (0.880)
[05:56:13][BG] [BG_100K_CHALLENGE] Connected - Balance: $100,074.35
[05:56:13][BG] [BG_100K_CHALLENGE][BTCUSD] Regime: VOLATILE (0.880)
[05:56:13][BG] [BG_100K_CHALLENGE][ETHUSD] Regime: VOLATILE (0.880)
[05:57:14][BG] [BG_5K_INSTANT] Connected - Balance: $4,997.71
[05:57:14][BG] [BG_5K_INSTANT][BTCUSD] Regime: VOLATILE (0.880)
[05:57:14][BG] [BG_5K_INSTANT][ETHUSD] Regime: VOLATILE (0.880)
[05:58:15][BG] [BG_100K_CHALLENGE] Connected - Balance: $100,074.35
[05:58:15][BG] [BG_100K_CHALLENGE][BTCUSD] Regime: VOLATILE (0.880)
[05:58:15][BG] [BG_100K_CHALLENGE][ETHUSD] Regime: VOLATILE (0.880)
[05:59:16][BG] [BG_5K_INSTANT] Connected - Balance: $4,997.71
[05:59:16][BG] [BG_5K_INSTANT][BTCUSD] Regime: VOLATILE (0.880)
[05:59:17][BG] [BG_5K_INSTANT][ETHUSD] Regime: VOLATILE (0.880)
[06:00:18][BG] [BG_100K_CHALLENGE] Connected - Balance: $100,074.35
[06:00:18][BG] [BG_100K_CHALLENGE][BTCUSD] Regime: VOLATILE (0.880)
[06:00:18][BG] [BG_100K_CHALLENGE][ETHUSD] Regime: VOLATILE (0.880)
[06:01:19][BG] [BG_5K_INSTANT] Connected - Balance: $4,997.71
[06:01:19][BG] [BG_5K_INSTANT][BTCUSD] Regime: VOLATILE (0.880)
[06:01:19][BG] [BG_5K_INSTANT][ETHUSD] Regime: VOLATILE (0.880)
[06:02:20][BG] [BG_100K_CHALLENGE] Connected - Balance: $100,074.35
[06:02:20][BG] [BG_100K_CHALLENGE][BTCUSD] Regime: VOLATILE (0.880)
[06:02:20][BG] [BG_100K_CHALLENGE][ETHUSD] Regime: VOLATILE (0.880)
[06:03:22][BG] [BG_5K_INSTANT] Connected - Balance: $4,997.71
[06:03:22][BG] [BG_5K_INSTANT][BTCUSD] Regime: VOLATILE (0.880)
[06:03:22][BG] [BG_5K_INSTANT][ETHUSD] Regime: VOLATILE (0.880)
[06:04:23][BG] [BG_100K_CHALLENGE] Connected - Balance: $100,074.35
[06:04:23][BG] [BG_100K_CHALLENGE][BTCUSD] Regime: VOLATILE (0.880)
[06:04:23][BG] [BG_100K_CHALLENGE][ETHUSD] Regime: VOLATILE (0.880)
[06:05:24][BG] [BG_5K_INSTANT] Connected - Balance: $4,997.71
[06:05:24][BG] [BG_5K_INSTANT][BTCUSD] Regime: VOLATILE (0.880)
[06:05:24][BG] [BG_5K_INSTANT][ETHUSD] Regime: VOLATILE (0.880)
[06:06:26][BG] [BG_100K_CHALLENGE] Connected - Balance: $100,074.35
[06:06:26][BG] [BG_100K_CHALLENGE][BTCUSD] Regime: VOLATILE (0.880)
[06:06:26][BG] [BG_100K_CHALLENGE][ETHUSD] Regime: VOLATILE (0.880)
[06:07:27][BG] [BG_5K_INSTANT] Connected - Balance: $4,997.71
[06:07:27][BG] [BG_5K_INSTANT][BTCUSD] Regime: VOLATILE (0.880)
[06:07:27][BG] [BG_5K_INSTANT][ETHUSD] Regime: VOLATILE (0.880)
[06:08:28][BG] [BG_100K_CHALLENGE] Connected - Balance: $100,074.35
[06:08:28][BG] [BG_100K_CHALLENGE][BTCUSD] Regime: VOLATILE (0.880)
[06:08:28][BG] [BG_100K_CHALLENGE][ETHUSD] Regime: VOLATILE (0.880)
[06:09:30][BG] [BG_5K_INSTANT] Connected - Balance: $4,997.71
[06:09:30][BG] [BG_5K_INSTANT][BTCUSD] Regime: VOLATILE (0.880)
[06:09:30][BG] [BG_5K_INSTANT][ETHUSD] Regime: VOLATILE (0.880)
[06:10:31][BG] [BG_100K_CHALLENGE] Connected - Balance: $100,074.35
[06:10:31][BG] [BG_100K_CHALLENGE][BTCUSD] Regime: VOLATILE (0.880)
[06:10:31][BG] [BG_100K_CHALLENGE][ETHUSD] Regime: VOLATILE (0.880)
[06:11:32][BG] [BG_5K_INSTANT] Connected - Balance: $4,997.71
[06:11:32][BG] [BG_5K_INSTANT][BTCUSD] Regime: VOLATILE (0.880)
[06:11:32][BG] [BG_5K_INSTANT][ETHUSD] Regime: VOLATILE (0.880)
[06:12:33][BG] [BG_100K_CHALLENGE] Connected - Balance: $100,074.35
[06:12:33][BG] [BG_100K_CHALLENGE][BTCUSD] Regime: VOLATILE (0.880)
[06:12:33][BG] [BG_100K_CHALLENGE][ETHUSD] Regime: VOLATILE (0.880)
[06:13:35][BG] [BG_5K_INSTANT] Connected - Balance: $4,997.71
[06:13:35][BG] [BG_5K_INSTANT][BTCUSD] Regime: VOLATILE (0.880)
[06:13:35][BG] [BG_5K_INSTANT][ETHUSD] Regime: VOLATILE (0.880)
[06:14:36][BG] [BG_100K_CHALLENGE] Connected - Balance: $100,074.35
[06:14:36][BG] [BG_100K_CHALLENGE][BTCUSD] Regime: VOLATILE (0.880)
[06:14:36][BG] [BG_100K_CHALLENGE][ETHUSD] Regime: VOLATILE (0.880)
[06:15:37][BG] [BG_5K_INSTANT] Connected - Balance: $4,997.71
[06:15:37][BG] [BG_5K_INSTANT][BTCUSD] Regime: VOLATILE (0.880)
[06:15:37][BG] [BG_5K_INSTANT][ETHUSD] Regime: VOLATILE (0.880)
[06:16:39][BG] [BG_100K_CHALLENGE] Connected - Balance: $100,074.35
[06:16:39][BG] [BG_100K_CHALLENGE][BTCUSD] Regime: VOLATILE (0.880)
[06:16:39][BG] [BG_100K_CHALLENGE][ETHUSD] Regime: VOLATILE (0.880)
[06:17:40][BG] [BG_5K_INSTANT] Connected - Balance: $4,997.71
[06:17:40][BG] [BG_5K_INSTANT][BTCUSD] Regime: VOLATILE (0.880)
[06:17:40][BG] [BG_5K_INSTANT][ETHUSD] Regime: VOLATILE (0.880)
[06:18:41][BG] [BG_100K_CHALLENGE] Connected - Balance: $100,074.35
[06:18:41][BG] [BG_100K_CHALLENGE][BTCUSD] Regime: VOLATILE (0.880)
[06:18:41][BG] [BG_100K_CHALLENGE][ETHUSD] Regime: VOLATILE (0.880)
[06:19:42][BG] [BG_5K_INSTANT] Connected - Balance: $4,997.71
[06:19:42][BG] [BG_5K_INSTANT][BTCUSD] Regime: VOLATILE (0.880)
[06:19:42][BG] [BG_5K_INSTANT][ETHUSD] Regime: VOLATILE (0.880)
[06:20:44][BG] [BG_100K_CHALLENGE] Connected - Balance: $100,074.35
[06:20:44][BG] [BG_100K_CHALLENGE][BTCUSD] Regime: VOLATILE (0.880)
[06:20:44][BG] [BG_100K_CHALLENGE][ETHUSD] Regime: VOLATILE (0.880)
[06:21:45][BG] [BG_5K_INSTANT] Connected - Balance: $4,997.71
[06:21:45][BG] [BG_5K_INSTANT][BTCUSD] Regime: VOLATILE (0.880)
[06:21:45][BG] [BG_5K_INSTANT][ETHUSD] Regime: VOLATILE (0.880)
[06:22:46][BG] [BG_100K_CHALLENGE] Connected - Balance: $100,074.35
[06:22:47][BG] [BG_100K_CHALLENGE][BTCUSD] Regime: VOLATILE (0.880)
[06:22:47][BG] [BG_100K_CHALLENGE][ETHUSD] Regime: VOLATILE (0.880)
[06:23:48][BG] [BG_5K_INSTANT] Connected - Balance: $4,997.71
[06:23:48][BG] [BG_5K_INSTANT][BTCUSD] Regime: VOLATILE (0.880)
[06:23:48][BG] [BG_5K_INSTANT][ETHUSD] Regime: VOLATILE (0.880)
[06:24:49][BG] [BG_100K_CHALLENGE] Connected - Balance: $100,074.35
[06:24:49][BG] [BG_100K_CHALLENGE][BTCUSD] Regime: VOLATILE (0.880)
[06:24:49][BG] [BG_100K_CHALLENGE][ETHUSD] Regime: VOLATILE (0.880)
[06:25:50][BG] [BG_5K_INSTANT] Connected - Balance: $4,997.71
[06:25:50][BG] [BG_5K_INSTANT][BTCUSD] Regime: VOLATILE (0.880)
[06:25:50][BG] [BG_5K_INSTANT][ETHUSD] Regime: VOLATILE (0.880)
[06:26:51][BG] [BG_100K_CHALLENGE] Connected - Balance: $100,074.35
[06:26:51][BG] [BG_100K_CHALLENGE][BTCUSD] Regime: VOLATILE (0.880)
[06:26:51][BG] [BG_100K_CHALLENGE][ETHUSD] Regime: VOLATILE (0.880)
[06:27:53][BG] [BG_5K_INSTANT] Connected - Balance: $4,997.71
[06:27:53][BG] [BG_5K_INSTANT][BTCUSD] Regime: VOLATILE (0.880)
[06:27:53][BG] [BG_5K_INSTANT][ETHUSD] Regime: VOLATILE (0.880)
[06:28:54][BG] [BG_100K_CHALLENGE] Connected - Balance: $100,074.35
[06:28:54][BG] [BG_100K_CHALLENGE][BTCUSD] Regime: VOLATILE (0.880)
[06:28:54][BG] [BG_100K_CHALLENGE][ETHUSD] Regime: VOLATILE (0.880)
[06:29:55][BG] [BG_5K_INSTANT] Connected - Balance: $4,997.71
[06:29:55][BG] [BG_5K_INSTANT][BTCUSD] Regime: VOLATILE (0.880)
[06:29:55][BG] [BG_5K_INSTANT][ETHUSD] Regime: VOLATILE (0.880)
[06:30:56][BG] [BG_100K_CHALLENGE] Connected - Balance: $100,074.35
[06:30:56][BG] [BG_100K_CHALLENGE][BTCUSD] Regime: VOLATILE (0.880)
[06:30:56][BG] [BG_100K_CHALLENGE][ETHUSD] Regime: VOLATILE (0.880)
[06:31:58][BG] [BG_5K_INSTANT] Connected - Balance: $4,997.71
[06:31:58][BG] [BG_5K_INSTANT][BTCUSD] Regime: VOLATILE (0.880)
[06:31:58][BG] [BG_5K_INSTANT][ETHUSD] Regime: VOLATILE (0.880)
[06:32:59][BG] [BG_100K_CHALLENGE] Connected - Balance: $100,074.35
[06:32:59][BG] [BG_100K_CHALLENGE][BTCUSD] Regime: VOLATILE (0.880)
[06:32:59][BG] [BG_100K_CHALLENGE][ETHUSD] Regime: VOLATILE (0.880)
[06:34:00][BG] [BG_5K_INSTANT] Connected - Balance: $4,997.71
[06:34:00][BG] [BG_5K_INSTANT][BTCUSD] Regime: VOLATILE (0.880)
[06:34:00][BG] [BG_5K_INSTANT][ETHUSD] Regime: VOLATILE (0.880)
[06:35:01][BG] [BG_100K_CHALLENGE] Connected - Balance: $100,074.35
[06:35:01][BG] [BG_100K_CHALLENGE][BTCUSD] Regime: VOLATILE (0.880)
[06:35:01][BG] [BG_100K_CHALLENGE][ETHUSD] Regime: VOLATILE (0.880)
[06:36:03][BG] [BG_5K_INSTANT] Connected - Balance: $4,997.71
[06:36:03][BG] [BG_5K_INSTANT][BTCUSD] Regime: VOLATILE (0.880)
[06:36:03][BG] [BG_5K_INSTANT][ETHUSD] Regime: VOLATILE (0.880)
[06:37:04][BG] [BG_100K_CHALLENGE] Connected - Balance: $100,074.35
[06:37:04][BG] [BG_100K_CHALLENGE][BTCUSD] Regime: VOLATILE (0.880)
[06:37:04][BG] [BG_100K_CHALLENGE][ETHUSD] Regime: VOLATILE (0.880)
[06:38:05][BG] [BG_5K_INSTANT] Connected - Balance: $4,997.71
[06:38:05][BG] [BG_5K_INSTANT][BTCUSD] Regime: VOLATILE (0.880)
[06:38:05][BG] [BG_5K_INSTANT][ETHUSD] Regime: VOLATILE (0.880)
[06:39:07][BG] [BG_100K_CHALLENGE] Connected - Balance: $100,074.35
[06:39:07][BG] [BG_100K_CHALLENGE][BTCUSD] Regime: VOLATILE (0.880)
[06:39:07][BG] [BG_100K_CHALLENGE][ETHUSD] Regime: VOLATILE (0.880)
[06:40:08][BG] [BG_5K_INSTANT] Connected - Balance: $4,997.71
[06:40:08][BG] [BG_5K_INSTANT][BTCUSD] Regime: VOLATILE (0.880)
[06:40:08][BG] [BG_5K_INSTANT][ETHUSD] Regime: VOLATILE (0.880)
[06:41:09][BG] [BG_100K_CHALLENGE] Connected - Balance: $100,074.35
[06:41:09][BG] [BG_100K_CHALLENGE][BTCUSD] Regime: VOLATILE (0.880)
[06:41:09][BG] [BG_100K_CHALLENGE][ETHUSD] Regime: VOLATILE (0.880)
[06:42:11][BG] [BG_5K_INSTANT] Connected - Balance: $4,997.71
[06:42:11][BG] [BG_5K_INSTANT][BTCUSD] Regime: VOLATILE (0.880)
[06:42:11][BG] [BG_5K_INSTANT][ETHUSD] Regime: VOLATILE (0.880)
[06:43:12][BG] [BG_100K_CHALLENGE] Connected - Balance: $100,074.35
[06:43:12][BG] [BG_100K_CHALLENGE][BTCUSD] Regime: VOLATILE (0.880)
[06:43:12][BG] [BG_100K_CHALLENGE][ETHUSD] Regime: VOLATILE (0.880)
[06:44:13][BG] [BG_5K_INSTANT] Connected - Balance: $4,997.71
[06:44:13][BG] [BG_5K_INSTANT][BTCUSD] Regime: VOLATILE (0.880)
[06:44:13][BG] [BG_5K_INSTANT][ETHUSD] Regime: VOLATILE (0.880)
[06:45:14][BG] [BG_100K_CHALLENGE] Connected - Balance: $100,074.35
[06:45:14][BG] [BG_100K_CHALLENGE][BTCUSD] Regime: VOLATILE (0.880)
[06:45:14][BG] [BG_100K_CHALLENGE][ETHUSD] Regime: VOLATILE (0.880)
[06:46:16][BG] [BG_5K_INSTANT] Connected - Balance: $4,997.71
[06:46:16][BG] [BG_5K_INSTANT][BTCUSD] Regime: VOLATILE (0.880)
[06:46:16][BG] [BG_5K_INSTANT][ETHUSD] Regime: VOLATILE (0.880)
[06:47:17][BG] [BG_100K_CHALLENGE] Connected - Balance: $100,074.35
[06:47:17][BG] [BG_100K_CHALLENGE][BTCUSD] Regime: VOLATILE (0.880)
[06:47:17][BG] [BG_100K_CHALLENGE][ETHUSD] Regime: VOLATILE (0.880)
[06:48:18][BG] [BG_5K_INSTANT] Connected - Balance: $4,997.71
[06:48:18][BG] [BG_5K_INSTANT][BTCUSD] Regime: VOLATILE (0.880)
[06:48:18][BG] [BG_5K_INSTANT][ETHUSD] Regime: VOLATILE (0.880)
[06:49:19][BG] [BG_100K_CHALLENGE] Connected - Balance: $100,074.35
[06:49:19][BG] [BG_100K_CHALLENGE][BTCUSD] Regime: VOLATILE (0.880)
[06:49:20][BG] [BG_100K_CHALLENGE][ETHUSD] Regime: VOLATILE (0.880)
[06:50:21][BG] [BG_5K_INSTANT] Connected - Balance: $4,997.71
[06:50:21][BG] [BG_5K_INSTANT][BTCUSD] Regime: VOLATILE (0.880)
[06:50:21][BG] [BG_5K_INSTANT][ETHUSD] Regime: VOLATILE (0.880)
[06:51:22][BG] [BG_100K_CHALLENGE] Connected - Balance: $100,074.35
[06:51:22][BG] [BG_100K_CHALLENGE][BTCUSD] Regime: VOLATILE (0.880)
[06:51:22][BG] [BG_100K_CHALLENGE][ETHUSD] Regime: VOLATILE (0.880)
[06:52:23][BG] [BG_5K_INSTANT] Connected - Balance: $4,997.71
[06:52:23][BG] [BG_5K_INSTANT][BTCUSD] Regime: VOLATILE (0.880)
[06:52:23][BG] [BG_5K_INSTANT][ETHUSD] Regime: VOLATILE (0.880)
[06:53:25][BG] [BG_100K_CHALLENGE] Connected - Balance: $100,074.35
[06:53:25][BG] [BG_100K_CHALLENGE][BTCUSD] Regime: VOLATILE (0.880)
[06:53:25][BG] [BG_100K_CHALLENGE][ETHUSD] Regime: VOLATILE (0.880)
[06:54:26][BG] [BG_5K_INSTANT] Connected - Balance: $4,997.71
[06:54:26][BG] [BG_5K_INSTANT][BTCUSD] Regime: VOLATILE (0.880)
[06:54:26][BG] [BG_5K_INSTANT][ETHUSD] Regime: VOLATILE (0.880)
[06:55:27][BG] [BG_100K_CHALLENGE] Connected - Balance: $100,074.35
[06:55:27][BG] [BG_100K_CHALLENGE][BTCUSD] Regime: VOLATILE (0.880)
[06:55:27][BG] [BG_100K_CHALLENGE][ETHUSD] Regime: VOLATILE (0.880)
[06:56:29][BG] [BG_5K_INSTANT] Connected - Balance: $4,997.71
[06:56:29][BG] [BG_5K_INSTANT][BTCUSD] Regime: VOLATILE (0.880)
[06:56:29][BG] [BG_5K_INSTANT][ETHUSD] Regime: VOLATILE (0.880)
[06:57:30][BG] [BG_100K_CHALLENGE] Connected - Balance: $100,074.35
[06:57:30][BG] [BG_100K_CHALLENGE][BTCUSD] Regime: VOLATILE (0.880)
[06:57:30][BG] [BG_100K_CHALLENGE][ETHUSD] Regime: VOLATILE (0.880)
[06:58:31][BG] [BG_5K_INSTANT] Connected - Balance: $4,997.71
[06:58:31][BG] [BG_5K_INSTANT][BTCUSD] Regime: VOLATILE (0.880)
[06:58:31][BG] [BG_5K_INSTANT][ETHUSD] Regime: VOLATILE (0.880)
[06:59:32][BG] [BG_100K_CHALLENGE] Connected - Balance: $100,074.35
[06:59:32][BG] [BG_100K_CHALLENGE][BTCUSD] Regime: VOLATILE (0.880)
[06:59:32][BG] [BG_100K_CHALLENGE][ETHUSD] Regime: VOLATILE (0.880)
[07:00:34][BG] [BG_5K_INSTANT] Connected - Balance: $4,997.71
[07:00:34][BG] [BG_5K_INSTANT][BTCUSD] Regime: VOLATILE (0.880)
[07:00:34][BG] [BG_5K_INSTANT][ETHUSD] Regime: VOLATILE (0.880)
[07:01:35][BG] [BG_100K_CHALLENGE] Connected - Balance: $100,074.35
[07:01:35][BG] [BG_100K_CHALLENGE][BTCUSD] Regime: VOLATILE (0.880)
[07:01:35][BG] [BG_100K_CHALLENGE][ETHUSD] Regime: VOLATILE (0.880)
[07:02:36][BG] [BG_5K_INSTANT] Connected - Balance: $4,997.71
[07:02:36][BG] [BG_5K_INSTANT][BTCUSD] Regime: VOLATILE (0.880)
[07:02:36][BG] [BG_5K_INSTANT][ETHUSD] Regime: VOLATILE (0.880)
[07:03:38][BG] [BG_100K_CHALLENGE] Connected - Balance: $100,074.35
[07:03:38][BG] [BG_100K_CHALLENGE][BTCUSD] Regime: VOLATILE (0.880)
[07:03:38][BG] [BG_100K_CHALLENGE][ETHUSD] Regime: VOLATILE (0.880)
[07:04:39][BG] [BG_5K_INSTANT] Connected - Balance: $4,997.71
[07:04:39][BG] [BG_5K_INSTANT][BTCUSD] Regime: VOLATILE (0.880)
[07:04:39][BG] [BG_5K_INSTANT][ETHUSD] Regime: VOLATILE (0.880)
[07:05:40][BG] [BG_100K_CHALLENGE] Connected - Balance: $100,074.35
[07:05:40][BG] [BG_100K_CHALLENGE][BTCUSD] Regime: VOLATILE (0.880)
[07:05:40][BG] [BG_100K_CHALLENGE][ETHUSD] Regime: VOLATILE (0.880)
[07:06:41][BG] [BG_5K_INSTANT] Connected - Balance: $4,997.71
[07:06:41][BG] [BG_5K_INSTANT][BTCUSD] Regime: VOLATILE (0.880)
[07:06:41][BG] [BG_5K_INSTANT][ETHUSD] Regime: VOLATILE (0.880)
[07:07:43][BG] [BG_100K_CHALLENGE] Connected - Balance: $100,074.35
[07:07:43][BG] [BG_100K_CHALLENGE][BTCUSD] Regime: VOLATILE (0.880)
[07:07:43][BG] [BG_100K_CHALLENGE][ETHUSD] Regime: VOLATILE (0.880)
[07:08:44][BG] [BG_5K_INSTANT] Connected - Balance: $4,997.71
[07:08:44][BG] [BG_5K_INSTANT][BTCUSD] Regime: VOLATILE (0.880)
[07:08:44][BG] [BG_5K_INSTANT][ETHUSD] Regime: VOLATILE (0.880)
[07:09:45][BG] [BG_100K_CHALLENGE] Connected - Balance: $100,074.35
[07:09:45][BG] [BG_100K_CHALLENGE][BTCUSD] Regime: VOLATILE (0.880)
[07:09:45][BG] [BG_100K_CHALLENGE][ETHUSD] Regime: VOLATILE (0.880)
[07:10:45][BG] [BG_5K_INSTANT] Connected - Balance: $4,997.71
[07:10:45][BG] [BG_5K_INSTANT][BTCUSD] Regime: VOLATILE (0.880)
[07:10:45][BG] [BG_5K_INSTANT][ETHUSD] Regime: VOLATILE (0.880)
[07:11:46][BG] [BG_100K_CHALLENGE] Connected - Balance: $100,074.35
[07:11:46][BG] [BG_100K_CHALLENGE][BTCUSD] Regime: VOLATILE (0.880)
[07:11:46][BG] [BG_100K_CHALLENGE][ETHUSD] Regime: VOLATILE (0.880)
[19:39:22][BG_ATLAS] Initializing: ['BG_5K_INSTANT', 'BG_100K_CHALLENGE']
[19:39:22][BG_ATLAS] Loaded 51 experts
[19:39:22][BG_ATLAS] Loaded 51 experts
[19:39:23][BG_ATLAS] [BG_5K_INSTANT] Connected - Balance: $4,935.36
[19:39:23][BG_ATLAS] [BG_5K_INSTANT][BTCUSD] Regime: CLEAN (0.960)
[19:39:23][BG_ATLAS] [BG_5K_INSTANT][BTCUSD] Signal: HOLD (0.00) | EMA Fast: 75999.99 Slow: 76110.73
[19:39:54][BG_ATLAS] [BG_100K_CHALLENGE] Connected - Balance: $99,944.62
[19:39:54][BG_ATLAS] [BG_100K_CHALLENGE][BTCUSD] Regime: CLEAN (0.960)
[19:39:54][BG_ATLAS] [BG_100K_CHALLENGE][BTCUSD] Signal: HOLD (0.00) | EMA Fast: 76001.31 Slow: 76111.27
[19:40:26][BG_ATLAS] [BG_5K_INSTANT] Connected - Balance: $4,935.36
[19:40:26][BG_ATLAS] [BG_5K_INSTANT][BTCUSD] Regime: CLEAN (0.960)
[19:40:26][BG_ATLAS] [BG_5K_INSTANT][BTCUSD] Signal: HOLD (0.00) | EMA Fast: 75990.73 Slow: 76096.68
[19:40:57][BG_ATLAS] [BG_100K_CHALLENGE] Connected - Balance: $99,944.62
[19:40:57][BG_ATLAS] [BG_100K_CHALLENGE][BTCUSD] Regime: CLEAN (0.960)
[19:40:57][BG_ATLAS] [BG_100K_CHALLENGE][BTCUSD] Signal: HOLD (0.00) | EMA Fast: 75979.93 Slow: 76092.26
[19:41:29][BG_ATLAS] [BG_5K_INSTANT] Connected - Balance: $4,935.36
[19:41:29][BG_ATLAS] [BG_5K_INSTANT][BTCUSD] Regime: CLEAN (0.960)
[19:41:29][BG_ATLAS] [BG_5K_INSTANT][BTCUSD] Signal: HOLD (0.00) | EMA Fast: 75918.40 Slow: 76056.80
[19:42:00][BG_ATLAS] [BG_100K_CHALLENGE] Connected - Balance: $99,944.62
[19:42:00][BG_ATLAS] [BG_100K_CHALLENGE][BTCUSD] Regime: CLEAN (0.960)
[19:42:00][BG_ATLAS] [BG_100K_CHALLENGE][BTCUSD] Signal: HOLD (0.00) | EMA Fast: 75911.78 Slow: 76054.10
[19:42:32][BG_ATLAS] [BG_5K_INSTANT] Connected - Balance: $4,935.36
[19:42:32][BG_ATLAS] [BG_5K_INSTANT][BTCUSD] Regime: CLEAN (0.960)
[19:42:32][BG_ATLAS] [BG_5K_INSTANT][BTCUSD] Signal: HOLD (0.00) | EMA Fast: 75861.78 Slow: 76020.67
[19:43:04][BG_ATLAS] [BG_100K_CHALLENGE] Connected - Balance: $99,944.62
[19:43:04][BG_ATLAS] [BG_100K_CHALLENGE][BTCUSD] Regime: CLEAN (0.960)
[19:43:04][BG_ATLAS] [BG_100K_CHALLENGE][BTCUSD] Signal: HOLD (0.00) | EMA Fast: 75865.83 Slow: 76022.33
[19:43:35][BG_ATLAS] [BG_5K_INSTANT] Connected - Balance: $4,935.36
[19:43:35][BG_ATLAS] [BG_5K_INSTANT][BTCUSD] Regime: CLEAN (0.960)
[19:43:35][BG_ATLAS] [BG_5K_INSTANT][BTCUSD] Signal: HOLD (0.00) | EMA Fast: 75832.61 Slow: 75994.51
[19:44:07][BG_ATLAS] [BG_100K_CHALLENGE] Connected - Balance: $99,944.62
[19:44:07][BG_ATLAS] [BG_100K_CHALLENGE][BTCUSD] Regime: CLEAN (0.960)
[19:44:07][BG_ATLAS] [BG_100K_CHALLENGE][BTCUSD] Signal: HOLD (0.00) | EMA Fast: 75806.07 Slow: 75968.86
[19:44:38][BG_ATLAS] [BG_5K_INSTANT] Connected - Balance: $4,935.36
[19:44:38][BG_ATLAS] [BG_5K_INSTANT][BTCUSD] Regime: CLEAN (0.960)
[19:44:38][BG_ATLAS] [BG_5K_INSTANT][BTCUSD] Signal: HOLD (0.00) | EMA Fast: 75843.70 Slow: 75984.25
[19:45:10][BG_ATLAS] [BG_100K_CHALLENGE] Connected - Balance: $99,944.62
[19:45:10][BG_ATLAS] [BG_100K_CHALLENGE][BTCUSD] Regime: CLEAN (0.960)
[19:45:10][BG_ATLAS] [BG_100K_CHALLENGE][BTCUSD] Signal: HOLD (0.00) | EMA Fast: 75877.09 Slow: 75985.52
[19:45:41][BG_ATLAS] [BG_5K_INSTANT] Connected - Balance: $4,935.36
[19:45:41][BG_ATLAS] [BG_5K_INSTANT][BTCUSD] Regime: CLEAN (0.960)
[19:45:41][BG_ATLAS] [BG_5K_INSTANT][BTCUSD] Signal: HOLD (0.00) | EMA Fast: 75881.37 Slow: 75987.27
[19:46:13][BG_ATLAS] [BG_100K_CHALLENGE] Connected - Balance: $99,944.62
[19:46:13][BG_ATLAS] [BG_100K_CHALLENGE][BTCUSD] Regime: CLEAN (0.960)
[19:46:13][BG_ATLAS] [BG_100K_CHALLENGE][BTCUSD] Signal: HOLD (0.00) | EMA Fast: 75900.68 Slow: 75985.81
[19:46:45][BG_ATLAS] [BG_5K_INSTANT] Connected - Balance: $4,935.36
[19:46:45][BG_ATLAS] [BG_5K_INSTANT][BTCUSD] Regime: CLEAN (0.960)
[19:46:45][BG_ATLAS] [BG_5K_INSTANT][BTCUSD] Signal: HOLD (0.00) | EMA Fast: 75897.83 Slow: 75984.65
[19:47:16][BG_ATLAS] [BG_100K_CHALLENGE] Connected - Balance: $99,944.62
[19:47:16][BG_ATLAS] [BG_100K_CHALLENGE][BTCUSD] Regime: CLEAN (0.960)
[19:47:16][BG_ATLAS] [BG_100K_CHALLENGE][BTCUSD] Signal: HOLD (0.00) | EMA Fast: 75906.97 Slow: 75980.61
[19:47:48][BG_ATLAS] [BG_5K_INSTANT] Connected - Balance: $4,935.36
[19:47:48][BG_ATLAS] [BG_5K_INSTANT][BTCUSD] Regime: CLEAN (0.960)
[19:47:48][BG_ATLAS] [BG_5K_INSTANT][BTCUSD] Signal: HOLD (0.00) | EMA Fast: 75904.62 Slow: 75979.65
[19:48:19][BG_ATLAS] [BG_100K_CHALLENGE] Connected - Balance: $99,944.62
[19:48:19][BG_ATLAS] [BG_100K_CHALLENGE][BTCUSD] Regime: CLEAN (0.960)
[19:48:19][BG_ATLAS] [BG_100K_CHALLENGE][BTCUSD] Signal: HOLD (0.00) | EMA Fast: 75896.92 Slow: 75969.56
[19:48:51][BG_ATLAS] [BG_5K_INSTANT] Connected - Balance: $4,935.36
[19:48:51][BG_ATLAS] [BG_5K_INSTANT][BTCUSD] Regime: CLEAN (0.960)
[19:48:51][BG_ATLAS] [BG_5K_INSTANT][BTCUSD] Signal: HOLD (0.00) | EMA Fast: 75884.18 Slow: 75964.35
[19:49:23][BG_ATLAS] [BG_100K_CHALLENGE] Connected - Balance: $99,944.62
[19:49:23][BG_ATLAS] [BG_100K_CHALLENGE][BTCUSD] Regime: CLEAN (0.960)
[19:49:23][BG_ATLAS] [BG_100K_CHALLENGE][BTCUSD] Signal: HOLD (0.00) | EMA Fast: 75849.04 Slow: 75942.13
[19:49:54][BG_ATLAS] [BG_5K_INSTANT] Connected - Balance: $4,935.36
[19:49:54][BG_ATLAS] [BG_5K_INSTANT][BTCUSD] Regime: CLEAN (0.960)
[19:49:54][BG_ATLAS] [BG_5K_INSTANT][BTCUSD] Signal: HOLD (0.00) | EMA Fast: 75845.60 Slow: 75940.72
[19:50:26][BG_ATLAS] [BG_100K_CHALLENGE] Connected - Balance: $99,944.62
[19:50:26][BG_ATLAS] [BG_100K_CHALLENGE][BTCUSD] Regime: CLEAN (0.960)
[19:50:26][BG_ATLAS] [BG_100K_CHALLENGE][BTCUSD] Signal: HOLD (0.00) | EMA Fast: 75822.59 Slow: 75922.72
[19:50:57][BG_ATLAS] [BG_5K_INSTANT] Connected - Balance: $4,935.36
[19:50:57][BG_ATLAS] [BG_5K_INSTANT][BTCUSD] Regime: CLEAN (0.960)
[19:50:57][BG_ATLAS] [BG_5K_INSTANT][BTCUSD] Signal: HOLD (0.00) | EMA Fast: 75823.37 Slow: 75923.04
[19:51:29][BG_ATLAS] [BG_100K_CHALLENGE] Connected - Balance: $99,944.62
[19:51:29][BG_ATLAS] [BG_100K_CHALLENGE][BTCUSD] Regime: CLEAN (0.960)
[19:51:29][BG_ATLAS] [BG_100K_CHALLENGE][BTCUSD] Signal: HOLD (0.00) | EMA Fast: 75811.52 Slow: 75908.97
[19:52:00][BG_ATLAS] [BG_5K_INSTANT] Connected - Balance: $4,935.36
[19:52:00][BG_ATLAS] [BG_5K_INSTANT][BTCUSD] Regime: CLEAN (0.960)
[19:52:00][BG_ATLAS] [BG_5K_INSTANT][BTCUSD] Signal: HOLD (0.00) | EMA Fast: 75801.61 Slow: 75904.91
[19:52:32][BG_ATLAS] [BG_100K_CHALLENGE] Connected - Balance: $99,944.62
[19:52:32][BG_ATLAS] [BG_100K_CHALLENGE][BTCUSD] Regime: CLEAN (0.960)
[19:52:32][BG_ATLAS] [BG_100K_CHALLENGE][BTCUSD] Signal: HOLD (0.00) | EMA Fast: 75794.64 Slow: 75892.88
[19:53:03][BG_ATLAS] [BG_5K_INSTANT] Connected - Balance: $4,935.36
[19:53:03][BG_ATLAS] [BG_5K_INSTANT][BTCUSD] Regime: CLEAN (0.960)
[19:53:03][BG_ATLAS] [BG_5K_INSTANT][BTCUSD] Signal: HOLD (0.00) | EMA Fast: 75780.48 Slow: 75887.08
[19:53:35][BG_ATLAS] [BG_100K_CHALLENGE] Connected - Balance: $99,944.62
[19:53:35][BG_ATLAS] [BG_100K_CHALLENGE][BTCUSD] Regime: CLEAN (0.960)
[19:53:35][BG_ATLAS] [BG_100K_CHALLENGE][BTCUSD] Signal: HOLD (0.00) | EMA Fast: 75765.34 Slow: 75871.20
[19:54:06][BG_ATLAS] [BG_5K_INSTANT] Connected - Balance: $4,935.36
[19:54:06][BG_ATLAS] [BG_5K_INSTANT][BTCUSD] Regime: CLEAN (0.960)
[19:54:06][BG_ATLAS] [BG_5K_INSTANT][BTCUSD] Signal: HOLD (0.00) | EMA Fast: 75758.13 Slow: 75858.69
[19:54:38][BG_ATLAS] [BG_100K_CHALLENGE] Connected - Balance: $99,944.62
[19:54:38][BG_ATLAS] [BG_100K_CHALLENGE][BTCUSD] Regime: CLEAN (0.960)
[19:54:38][BG_ATLAS] [BG_100K_CHALLENGE][BTCUSD] Signal: HOLD (0.00) | EMA Fast: 75764.67 Slow: 75861.37
[19:55:09][BG_ATLAS] [BG_5K_INSTANT] Connected - Balance: $4,935.36
[19:55:09][BG_ATLAS] [BG_5K_INSTANT][BTCUSD] Regime: CLEAN (0.960)
[19:55:09][BG_ATLAS] [BG_5K_INSTANT][BTCUSD] Signal: HOLD (0.00) | EMA Fast: 75797.68 Slow: 75867.10
[19:55:40][BG_ATLAS] [BG_100K_CHALLENGE] Connected - Balance: $99,944.62
[19:55:40][BG_ATLAS] [BG_100K_CHALLENGE][BTCUSD] Regime: CLEAN (0.960)
[19:55:40][BG_ATLAS] [BG_100K_CHALLENGE][BTCUSD] Signal: HOLD (0.00) | EMA Fast: 75795.09 Slow: 75866.05
[19:56:12][BG_ATLAS] [BG_5K_INSTANT] Connected - Balance: $4,935.36
[19:56:12][BG_ATLAS] [BG_5K_INSTANT][BTCUSD] Regime: CLEAN (0.960)
[19:56:12][BG_ATLAS] [BG_5K_INSTANT][BTCUSD] Signal: HOLD (0.00) | EMA Fast: 75803.19 Slow: 75862.93
[19:56:43][BG_ATLAS] [BG_100K_CHALLENGE] Connected - Balance: $99,944.62
[19:56:43][BG_ATLAS] [BG_100K_CHALLENGE][BTCUSD] Regime: CLEAN (0.960)
[19:56:43][BG_ATLAS] [BG_100K_CHALLENGE][BTCUSD] Signal: HOLD (0.00) | EMA Fast: 75802.64 Slow: 75862.70
[19:57:15][BG_ATLAS] [BG_5K_INSTANT] Connected - Balance: $4,935.36
[19:57:15][BG_ATLAS] [BG_5K_INSTANT][BTCUSD] Regime: CLEAN (0.960)
[19:57:15][BG_ATLAS] [BG_5K_INSTANT][BTCUSD] Signal: HOLD (0.00) | EMA Fast: 75805.93 Slow: 75858.54
[19:57:46][BG_ATLAS] [BG_100K_CHALLENGE] Connected - Balance: $99,944.62
[19:57:46][BG_ATLAS] [BG_100K_CHALLENGE][BTCUSD] Regime: CLEAN (0.960)
[19:57:46][BG_ATLAS] [BG_100K_CHALLENGE][BTCUSD] Signal: HOLD (0.00) | EMA Fast: 75823.44 Slow: 75865.71
[19:58:18][BG_ATLAS] [BG_5K_INSTANT] Connected - Balance: $4,935.36
[19:58:18][BG_ATLAS] [BG_5K_INSTANT][BTCUSD] Regime: CLEAN (0.960)
[19:58:18][BG_ATLAS] [BG_5K_INSTANT][BTCUSD] Signal: HOLD (0.00) | EMA Fast: 75837.37 Slow: 75867.49
[19:58:49][BG_ATLAS] [BG_100K_CHALLENGE] Connected - Balance: $99,944.62
[19:58:49][BG_ATLAS] [BG_100K_CHALLENGE][BTCUSD] Regime: CLEAN (0.960)
[19:58:49][BG_ATLAS] [BG_100K_CHALLENGE][BTCUSD] Signal: HOLD (0.00) | EMA Fast: 75852.34 Slow: 75873.61
[19:59:23][BG_ATLAS] [BG_5K_INSTANT] Connected - Balance: $4,935.36
[19:59:23][BG_ATLAS] [BG_5K_INSTANT][BTCUSD] Regime: CLEAN (0.960)
[19:59:23][BG_ATLAS] [BG_5K_INSTANT][BTCUSD] Signal: HOLD (0.00) | EMA Fast: 75863.46 Slow: 75875.80
[19:59:56][BG_ATLAS] [BG_100K_CHALLENGE] Connected - Balance: $99,944.62
[19:59:56][BG_ATLAS] [BG_100K_CHALLENGE][BTCUSD] Regime: CLEAN (0.960)
[19:59:56][BG_ATLAS] [BG_100K_CHALLENGE][BTCUSD] Signal: HOLD (0.00) | EMA Fast: 75855.97 Slow: 75872.73
[20:00:28][BG_ATLAS] [BG_5K_INSTANT] Connected - Balance: $4,935.36
[20:00:28][BG_ATLAS] [BG_5K_INSTANT][BTCUSD] Regime: CLEAN (0.960)
[20:00:28][BG_ATLAS] [BG_5K_INSTANT][BTCUSD] Signal: HOLD (0.00) | EMA Fast: 75869.11 Slow: 75876.57
[20:00:59][BG_ATLAS] [BG_100K_CHALLENGE] Connected - Balance: $99,944.62
[20:00:59][BG_ATLAS] [BG_100K_CHALLENGE][BTCUSD] Regime: CLEAN (0.960)
[20:00:59][BG_ATLAS] [BG_100K_CHALLENGE][BTCUSD] Signal: HOLD (0.00) | EMA Fast: 75864.86 Slow: 75874.84
[20:01:31][BG_ATLAS] [BG_5K_INSTANT] Connected - Balance: $4,935.36
[20:01:31][BG_ATLAS] [BG_5K_INSTANT][BTCUSD] Regime: CLEAN (0.960)
[20:01:31][BG_ATLAS] [BG_5K_INSTANT][BTCUSD] Signal: HOLD (0.00) | EMA Fast: 75860.23 Slow: 75872.23
[20:02:02][BG_ATLAS] [BG_100K_CHALLENGE] Connected - Balance: $99,944.62
[20:02:02][BG_ATLAS] [BG_100K_CHALLENGE][BTCUSD] Regime: CLEAN (0.960)
[20:02:02][BG_ATLAS] [BG_100K_CHALLENGE][BTCUSD] Signal: HOLD (0.00) | EMA Fast: 75867.50 Slow: 75875.20
[20:02:33][BG_ATLAS] [BG_5K_INSTANT] Connected - Balance: $4,935.36
[20:02:33][BG_ATLAS] [BG_5K_INSTANT][BTCUSD] Regime: CLEAN (0.960)
[20:02:33][BG_ATLAS] [BG_5K_INSTANT][BTCUSD] Signal: HOLD (0.00) | EMA Fast: 75877.08 Slow: 75878.42
[20:03:05][BG_ATLAS] [BG_100K_CHALLENGE] Connected - Balance: $99,944.62
[20:03:05][BG_ATLAS] [BG_100K_CHALLENGE][BTCUSD] Regime: CLEAN (0.960)
[20:03:05][BG_ATLAS] [BG_100K_CHALLENGE][BTCUSD] Signal: HOLD (0.06) | EMA Fast: 75896.23 Slow: 75886.48
[20:03:36][BG_ATLAS] [BG_5K_INSTANT] Connected - Balance: $4,935.36
[20:03:36][BG_ATLAS] [BG_5K_INSTANT][BTCUSD] Regime: CLEAN (0.960)
[20:03:36][BG_ATLAS] [BG_5K_INSTANT][BTCUSD] Signal: HOLD (0.10) | EMA Fast: 75906.39 Slow: 75890.64
[20:04:08][BG_ATLAS] [BG_100K_CHALLENGE] Connected - Balance: $99,944.62
[20:04:08][BG_ATLAS] [BG_100K_CHALLENGE][BTCUSD] Regime: CLEAN (0.960)
[20:04:08][BG_ATLAS] [BG_100K_CHALLENGE][BTCUSD] Signal: HOLD (0.15) | EMA Fast: 75920.70 Slow: 75897.76
[20:04:39][BG_ATLAS] [BG_5K_INSTANT] Connected - Balance: $4,935.36
[20:04:39][BG_ATLAS] [BG_5K_INSTANT][BTCUSD] Regime: CLEAN (0.960)
[20:04:39][BG_ATLAS] [BG_5K_INSTANT][BTCUSD] Signal: HOLD (0.17) | EMA Fast: 75928.73 Slow: 75901.04
[20:05:11][BG_ATLAS] [BG_100K_CHALLENGE] Connected - Balance: $99,944.62
[20:05:11][BG_ATLAS] [BG_100K_CHALLENGE][BTCUSD] Regime: CLEAN (0.960)
[20:05:11][BG_ATLAS] [BG_100K_CHALLENGE][BTCUSD] Signal: HOLD (0.26) | EMA Fast: 75953.59 Slow: 75913.83
[20:05:42][BG_ATLAS] [BG_5K_INSTANT] Connected - Balance: $4,935.36
[20:05:42][BG_ATLAS] [BG_5K_INSTANT][BTCUSD] Regime: CLEAN (0.960)
[20:05:42][BG_ATLAS] [BG_5K_INSTANT][BTCUSD] Signal: HOLD (0.28) | EMA Fast: 75962.09 Slow: 75917.31
[20:06:13][BG_ATLAS] [BG_100K_CHALLENGE] Connected - Balance: $99,944.62
[20:06:13][BG_ATLAS] [BG_100K_CHALLENGE][BTCUSD] Regime: CLEAN (0.960)
[20:06:13][BG_ATLAS] [BG_100K_CHALLENGE][BTCUSD] Signal: HOLD (0.35) | EMA Fast: 75982.30 Slow: 75929.49
[20:06:45][BG_ATLAS] [BG_5K_INSTANT] Connected - Balance: $4,935.36
[20:06:45][BG_ATLAS] [BG_5K_INSTANT][BTCUSD] Regime: CLEAN (0.960)
[20:06:45][BG_ATLAS] [BG_5K_INSTANT][BTCUSD] Signal: HOLD (0.36) | EMA Fast: 75987.46 Slow: 75931.60
[20:07:16][BG_ATLAS] [BG_100K_CHALLENGE] Connected - Balance: $99,944.62
[20:07:16][BG_ATLAS] [BG_100K_CHALLENGE][BTCUSD] Regime: CLEAN (0.960)
[20:07:16][BG_ATLAS] [BG_100K_CHALLENGE][BTCUSD] Signal: HOLD (0.44) | EMA Fast: 76011.25 Slow: 75946.39
[20:07:48][BG_ATLAS] [BG_5K_INSTANT] Connected - Balance: $4,935.36
[20:07:48][BG_ATLAS] [BG_5K_INSTANT][BTCUSD] Regime: CLEAN (0.960)
[20:07:48][BG_ATLAS] [BG_5K_INSTANT][BTCUSD] Signal: HOLD (0.46) | EMA Fast: 76019.64 Slow: 75949.83
[20:08:20][BG_ATLAS] [BG_100K_CHALLENGE] Connected - Balance: $99,944.62
[20:08:20][BG_ATLAS] [BG_100K_CHALLENGE][BTCUSD] Regime: CLEAN (0.960)
[20:08:20][BG_ATLAS] [BG_100K_CHALLENGE][BTCUSD] Signal: BUY (0.59) | EMA Fast: 76058.34 Slow: 75972.54
[20:08:20][BG_ATLAS] [BG_100K_CHALLENGE] Order send failed: (-2, 'Invalid "sl" argument')
[20:08:51][BG_ATLAS] [BG_5K_INSTANT] Connected - Balance: $4,935.36
[20:08:51][BG_ATLAS] [BG_5K_INSTANT][BTCUSD] Regime: CLEAN (0.960)
[20:08:51][BG_ATLAS] [BG_5K_INSTANT][BTCUSD] Signal: BUY (0.60) | EMA Fast: 76060.31 Slow: 75973.35
[20:08:51][BG_ATLAS] [BG_5K_INSTANT] Order send failed: (-2, 'Invalid "sl" argument')
[20:09:23][BG_ATLAS] [BG_100K_CHALLENGE] Connected - Balance: $99,944.62
[20:09:23][BG_ATLAS] [BG_100K_CHALLENGE][BTCUSD] Regime: CLEAN (0.960)
[20:09:23][BG_ATLAS] [BG_100K_CHALLENGE][BTCUSD] Signal: BUY (0.70) | EMA Fast: 76100.03 Slow: 75997.86
[20:09:23][BG_ATLAS] [BG_100K_CHALLENGE] Order send failed: (-2, 'Invalid "sl" argument')
[20:09:54][BG_ATLAS] [BG_5K_INSTANT] Connected - Balance: $4,935.36
[20:09:54][BG_ATLAS] [BG_5K_INSTANT][BTCUSD] Regime: CLEAN (0.960)
[20:09:54][BG_ATLAS] [BG_5K_INSTANT][BTCUSD] Signal: BUY (0.71) | EMA Fast: 76111.83 Slow: 76002.69
[20:09:54][BG_ATLAS] [BG_5K_INSTANT] Order send failed: (-2, 'Invalid "sl" argument')
[20:10:26][BG_ATLAS] [BG_100K_CHALLENGE] Connected - Balance: $99,944.62
[20:10:26][BG_ATLAS] [BG_100K_CHALLENGE][BTCUSD] Regime: CLEAN (0.960)
[20:10:26][BG_ATLAS] [BG_100K_CHALLENGE][BTCUSD] Signal: BUY (0.79) | EMA Fast: 76149.88 Slow: 76028.26
[20:10:26][BG_ATLAS] [BG_100K_CHALLENGE] Order send failed: (-2, 'Invalid "sl" argument')
[20:10:58][BG_ATLAS] [BG_5K_INSTANT] Connected - Balance: $4,935.36
[20:10:58][BG_ATLAS] [BG_5K_INSTANT][BTCUSD] Regime: CLEAN (0.960)
[20:10:58][BG_ATLAS] [BG_5K_INSTANT][BTCUSD] Signal: BUY (0.81) | EMA Fast: 76159.33 Slow: 76032.12
[20:10:58][BG_ATLAS] [BG_5K_INSTANT] Order send failed: (-2, 'Invalid "sl" argument')
[20:11:29][BG_ATLAS] [BG_100K_CHALLENGE] Connected - Balance: $99,944.62
[20:11:29][BG_ATLAS] [BG_100K_CHALLENGE][BTCUSD] Regime: CLEAN (0.960)
[20:11:29][BG_ATLAS] [BG_100K_CHALLENGE][BTCUSD] Signal: BUY (0.92) | EMA Fast: 76230.91 Slow: 76072.82
[20:11:29][BG_ATLAS] [BG_100K_CHALLENGE] Order send failed: (-2, 'Invalid "sl" argument')
[20:12:01][BG_ATLAS] [BG_5K_INSTANT] Connected - Balance: $4,935.36
[20:12:01][BG_ATLAS] [BG_5K_INSTANT][BTCUSD] Regime: CLEAN (0.960)
[20:12:01][BG_ATLAS] [BG_5K_INSTANT][BTCUSD] Signal: BUY (0.90) | EMA Fast: 76231.31 Slow: 76072.98
[20:12:01][BG_ATLAS] [BG_5K_INSTANT] Order send failed: (-2, 'Invalid "sl" argument')
[20:12:32][BG_ATLAS] [BG_100K_CHALLENGE] Connected - Balance: $99,944.62
[20:12:32][BG_ATLAS] [BG_100K_CHALLENGE][BTCUSD] Regime: CLEAN (0.960)
[20:12:32][BG_ATLAS] [BG_100K_CHALLENGE][BTCUSD] Signal: BUY (0.99) | EMA Fast: 76283.25 Slow: 76108.18
[20:12:32][BG_ATLAS] [BG_100K_CHALLENGE] Order send failed: (-2, 'Invalid "sl" argument')
[20:13:04][BG_ATLAS] [BG_5K_INSTANT] Connected - Balance: $4,935.36
[20:13:04][BG_ATLAS] [BG_5K_INSTANT][BTCUSD] Regime: CLEAN (0.960)
[20:13:04][BG_ATLAS] [BG_5K_INSTANT][BTCUSD] Signal: BUY (1.00) | EMA Fast: 76328.96 Slow: 76142.82
[20:13:04][BG_ATLAS] [BG_5K_INSTANT] Order send failed: (-2, 'Invalid "sl" argument')
[20:13:35][BG_ATLAS] [BG_100K_CHALLENGE] Connected - Balance: $99,944.62
[20:13:35][BG_ATLAS] [BG_100K_CHALLENGE][BTCUSD] Regime: CLEAN (0.960)
[20:13:35][BG_ATLAS] [BG_100K_CHALLENGE][BTCUSD] Signal: BUY (1.00) | EMA Fast: 76322.07 Slow: 76140.00
[20:13:35][BG_ATLAS] [BG_100K_CHALLENGE] Order send failed: (-2, 'Invalid "sl" argument')
[20:14:07][BG_ATLAS] [BG_5K_INSTANT] Connected - Balance: $4,935.36
[20:14:07][BG_ATLAS] [BG_5K_INSTANT][BTCUSD] Regime: CLEAN (0.960)
[20:14:07][BG_ATLAS] [BG_5K_INSTANT][BTCUSD] Signal: BUY (1.00) | EMA Fast: 76350.96 Slow: 76168.36
[20:14:07][BG_ATLAS] [BG_5K_INSTANT] Order send failed: (-2, 'Invalid "sl" argument')
[20:14:41][BG_ATLAS] [BG_100K_CHALLENGE] Connected - Balance: $99,944.62
[20:14:41][BG_ATLAS] [BG_100K_CHALLENGE][BTCUSD] Regime: CLEAN (0.960)
[20:14:41][BG_ATLAS] [BG_100K_CHALLENGE][BTCUSD] Signal: BUY (1.00) | EMA Fast: 76359.63 Slow: 76171.90
[20:14:41][BG_ATLAS] [BG_100K_CHALLENGE] Order send failed: (-2, 'Invalid "sl" argument')
[20:15:12][BG_ATLAS] [BG_5K_INSTANT] Connected - Balance: $4,935.36
[20:15:12][BG_ATLAS] [BG_5K_INSTANT][BTCUSD] Regime: CLEAN (0.960)
[20:15:12][BG_ATLAS] [BG_5K_INSTANT][BTCUSD] Signal: BUY (1.00) | EMA Fast: 76396.69 Slow: 76204.66
[20:15:12][BG_ATLAS] [BG_5K_INSTANT] Order send failed: (-2, 'Invalid "sl" argument')
[20:15:44][BG_ATLAS] [BG_100K_CHALLENGE] Connected - Balance: $99,944.62
[20:15:44][BG_ATLAS] [BG_100K_CHALLENGE][BTCUSD] Regime: CLEAN (0.960)
[20:15:44][BG_ATLAS] [BG_100K_CHALLENGE][BTCUSD] Signal: BUY (1.00) | EMA Fast: 76412.75 Slow: 76211.23
[20:15:44][BG_ATLAS] [BG_100K_CHALLENGE] Order send failed: (-2, 'Invalid "sl" argument')
[20:16:15][BG_ATLAS] [BG_5K_INSTANT] Connected - Balance: $4,935.36
[20:16:15][BG_ATLAS] [BG_5K_INSTANT][BTCUSD] Regime: CLEAN (0.960)
[20:16:15][BG_ATLAS] [BG_5K_INSTANT][BTCUSD] Signal: BUY (1.00) | EMA Fast: 76421.84 Slow: 76232.60
[20:16:15][BG_ATLAS] [BG_5K_INSTANT] Order send failed: (-2, 'Invalid "sl" argument')
[20:16:47][BG_ATLAS] [BG_100K_CHALLENGE] Connected - Balance: $99,944.62
[20:16:47][BG_ATLAS] [BG_100K_CHALLENGE][BTCUSD] Regime: CLEAN (0.960)
[20:16:47][BG_ATLAS] [BG_100K_CHALLENGE][BTCUSD] Signal: BUY (0.93) | EMA Fast: 76411.48 Slow: 76228.36
[20:16:47][BG_ATLAS] [BG_100K_CHALLENGE] Order send failed: (-2, 'Invalid "sl" argument')
[20:17:19][BG_ATLAS] [BG_5K_INSTANT] Connected - Balance: $4,935.36
[20:17:19][BG_ATLAS] [BG_5K_INSTANT][BTCUSD] Regime: CLEAN (0.960)
[20:17:19][BG_ATLAS] [BG_5K_INSTANT][BTCUSD] Signal: BUY (0.84) | EMA Fast: 76405.70 Slow: 76242.19
[20:17:19][BG_ATLAS] [BG_5K_INSTANT] Order send failed: (-2, 'Invalid "sl" argument')
[20:17:50][BG_ATLAS] [BG_100K_CHALLENGE] Connected - Balance: $99,944.62
[20:17:50][BG_ATLAS] [BG_100K_CHALLENGE][BTCUSD] Regime: CLEAN (0.960)
[20:17:50][BG_ATLAS] [BG_100K_CHALLENGE][BTCUSD] Signal: BUY (0.83) | EMA Fast: 76404.93 Slow: 76241.88
[20:17:50][BG_ATLAS] [BG_100K_CHALLENGE] Order send failed: (-2, 'Invalid "sl" argument')
[20:18:22][BG_ATLAS] [BG_5K_INSTANT] Connected - Balance: $4,935.36
[20:18:22][BG_ATLAS] [BG_5K_INSTANT][BTCUSD] Regime: CLEAN (0.960)
[20:18:22][BG_ATLAS] [BG_5K_INSTANT][BTCUSD] Signal: BUY (0.79) | EMA Fast: 76407.55 Slow: 76257.83
[20:18:22][BG_ATLAS] [BG_5K_INSTANT] Order send failed: (-2, 'Invalid "sl" argument')
[20:18:53][BG_ATLAS] [BG_100K_CHALLENGE] Connected - Balance: $99,944.62
[20:18:53][BG_ATLAS] [BG_100K_CHALLENGE][BTCUSD] Regime: CLEAN (0.960)
[20:18:53][BG_ATLAS] [BG_100K_CHALLENGE][BTCUSD] Signal: BUY (0.79) | EMA Fast: 76412.49 Slow: 76259.85
[20:18:53][BG_ATLAS] [BG_100K_CHALLENGE] Order send failed: (-2, 'Invalid "sl" argument')
[20:19:25][BG_ATLAS] [BG_5K_INSTANT] Connected - Balance: $4,935.36
[20:19:25][BG_ATLAS] [BG_5K_INSTANT][BTCUSD] Regime: CLEAN (0.960)
[20:19:25][BG_ATLAS] [BG_5K_INSTANT][BTCUSD] Signal: BUY (0.71) | EMA Fast: 76404.49 Slow: 76270.11
[20:19:25][BG_ATLAS] [BG_5K_INSTANT] Order send failed: (-2, 'Invalid "sl" argument')
[20:19:57][BG_ATLAS] [BG_100K_CHALLENGE] Connected - Balance: $99,944.62
[20:19:57][BG_ATLAS] [BG_100K_CHALLENGE][BTCUSD] Regime: CLEAN (0.960)
[20:19:57][BG_ATLAS] [BG_100K_CHALLENGE][BTCUSD] Signal: BUY (0.70) | EMA Fast: 76406.08 Slow: 76270.76
[20:19:57][BG_ATLAS] [BG_100K_CHALLENGE] Order send failed: (-2, 'Invalid "sl" argument')
[20:20:28][BG_ATLAS] [BG_5K_INSTANT] Connected - Balance: $4,935.36
[20:20:28][BG_ATLAS] [BG_5K_INSTANT][BTCUSD] Regime: CLEAN (0.960)
[20:20:28][BG_ATLAS] [BG_5K_INSTANT][BTCUSD] Signal: BUY (0.67) | EMA Fast: 76411.88 Slow: 76285.52
[20:20:28][BG_ATLAS] [BG_5K_INSTANT] Order send failed: (-2, 'Invalid "sl" argument')
[20:21:00][BG_ATLAS] [BG_100K_CHALLENGE] Connected - Balance: $99,944.62
[20:21:00][BG_ATLAS] [BG_100K_CHALLENGE][BTCUSD] Regime: CLEAN (0.960)
[20:21:00][BG_ATLAS] [BG_100K_CHALLENGE][BTCUSD] Signal: BUY (0.66) | EMA Fast: 76411.01 Slow: 76285.17
[20:21:00][BG_ATLAS] [BG_100K_CHALLENGE] Order send failed: (-2, 'Invalid "sl" argument')
[20:21:58][BG_ATLAS] Initializing: ['BG_5K_INSTANT', 'BG_100K_CHALLENGE']
[20:21:58][BG_ATLAS] Loaded 51 experts
[20:21:58][BG_ATLAS] Loaded 51 experts
[20:21:59][BG_ATLAS] [BG_5K_INSTANT] Connected - Balance: $4,935.36
[20:21:59][BG_ATLAS] [BG_5K_INSTANT][BTCUSD] Regime: CLEAN (0.960)
[20:21:59][BG_ATLAS] [BG_5K_INSTANT][BTCUSD] Signal: BUY (0.64) | EMA Fast: 76413.70 Slow: 76297.72
[20:21:59][BG_ATLAS] [BG_5K_INSTANT] SL: $0.5 | TP: $5.0
[20:21:59][BG_ATLAS] [BG_5K_INSTANT] Order send failed: (-2, 'Invalid "sl" argument')
[20:23:04][BG_ATLAS] Initializing: ['BG_5K_INSTANT', 'BG_100K_CHALLENGE']
[20:23:04][BG_ATLAS] Loaded 51 experts
[20:23:04][BG_ATLAS] Loaded 51 experts
[20:24:11][BG_ATLAS] [BG_5K_INSTANT] MT5 init failed: (-10005, 'IPC timeout')
[20:25:50][BG_ATLAS] [BG_100K_CHALLENGE] MT5 init failed: (-10005, 'IPC timeout')
[20:27:27][BG_ATLAS] [BG_5K_INSTANT] MT5 init failed: (-10005, 'IPC timeout')
[20:28:35][BG_ATLAS] Initializing: ['BG_5K_INSTANT', 'BG_100K_CHALLENGE']
[20:28:35][BG_ATLAS] Loaded 51 experts
[20:28:35][BG_ATLAS] Loaded 51 experts
[20:29:42][BG_ATLAS] [BG_5K_INSTANT] MT5 init failed: (-10005, 'IPC timeout')
[20:30:38][BG_ATLAS] Initializing: ['BG_5K_INSTANT']
[20:30:38][BG_ATLAS] Loaded 51 experts
[20:30:38][BG_ATLAS] [BG_5K_INSTANT] MT5 init failed: (-2, 'Invalid "path" argument')
[20:31:08][BG_ATLAS] [BG_5K_INSTANT] MT5 init failed: (-2, 'Invalid "path" argument')
[20:31:43][BG_ATLAS] Initializing: ['BG_5K_INSTANT']
[20:31:43][BG_ATLAS] Loaded 51 experts
[20:31:43][BG_ATLAS] [BG_5K_INSTANT] Connected - Balance: $4,935.36
[20:31:43][BG_ATLAS] [BG_5K_INSTANT][BTCUSD] Regime: CLEAN (0.960)
[20:31:43][BG_ATLAS] [BG_5K_INSTANT][BTCUSD] Signal: HOLD (0.29) | EMA Fast: 76367.41 Slow: 76337.94
[20:32:14][BG_ATLAS] [BG_5K_INSTANT][BTCUSD] Regime: CLEAN (0.960)
[20:32:14][BG_ATLAS] [BG_5K_INSTANT][BTCUSD] Signal: HOLD (0.31) | EMA Fast: 76373.76 Slow: 76342.92
[20:32:44][BG_ATLAS] [BG_5K_INSTANT][BTCUSD] Regime: CLEAN (0.960)
[20:32:44][BG_ATLAS] [BG_5K_INSTANT][BTCUSD] Signal: HOLD (0.27) | EMA Fast: 76368.53 Slow: 76340.78
[20:33:10][BG_ATLAS] Initializing: ['BG_5K_INSTANT']
[20:33:10][BG_ATLAS] Loaded 51 experts
[20:34:04][BG_ATLAS] Initializing: ['BG_5K_INSTANT']
[20:34:04][BG_ATLAS] Loaded 51 experts
[20:34:04][BG_ATLAS] [BG_5K_INSTANT] Connected - Balance: $4,935.36
[20:34:04][BG_ATLAS] [BG_5K_INSTANT][BTCUSD] Regime: CLEAN (0.960)
[20:34:04][BG_ATLAS] [BG_5K_INSTANT][BTCUSD] Signal: HOLD (0.40) | EMA Fast: 76396.97 Slow: 76358.23
[20:34:34][BG_ATLAS] [BG_5K_INSTANT][BTCUSD] Regime: CLEAN (0.960)
[20:34:34][BG_ATLAS] [BG_5K_INSTANT][BTCUSD] Signal: HOLD (0.39) | EMA Fast: 76398.49 Slow: 76358.85
[20:35:23][BG_ATLAS] Initializing: ['BG_5K_INSTANT']
[20:35:23][BG_ATLAS] Loaded 51 experts
[20:35:23][BG_ATLAS] [BG_5K_INSTANT] Connected - Balance: $4,935.36
[20:35:23][BG_ATLAS] [BG_5K_INSTANT][BTCUSD] Regime: CLEAN (0.960)
[20:35:23][BG_ATLAS] [BG_5K_INSTANT][BTCUSD] Signal: HOLD (0.41) | EMA Fast: 76407.82 Slow: 76366.07
[20:35:53][BG_ATLAS] [BG_5K_INSTANT][BTCUSD] Regime: CLEAN (0.960)
[20:35:53][BG_ATLAS] [BG_5K_INSTANT][BTCUSD] Signal: HOLD (0.39) | EMA Fast: 76404.67 Slow: 76364.78
[20:36:23][BG_ATLAS] [BG_5K_INSTANT][BTCUSD] Regime: CLEAN (0.960)
[20:36:23][BG_ATLAS] [BG_5K_INSTANT][BTCUSD] Signal: HOLD (0.42) | EMA Fast: 76415.20 Slow: 76372.77
[20:36:53][BG_ATLAS] [BG_5K_INSTANT][BTCUSD] Regime: CLEAN (0.960)
[20:36:53][BG_ATLAS] [BG_5K_INSTANT][BTCUSD] Signal: HOLD (0.38) | EMA Fast: 76410.24 Slow: 76370.74
[20:37:23][BG_ATLAS] [BG_5K_INSTANT][BTCUSD] Regime: CLEAN (0.960)
[20:37:23][BG_ATLAS] [BG_5K_INSTANT][BTCUSD] Signal: HOLD (0.38) | EMA Fast: 76416.86 Slow: 76377.20
[20:37:54][BG_ATLAS] [BG_5K_INSTANT][BTCUSD] Regime: CLEAN (0.960)
[20:37:54][BG_ATLAS] [BG_5K_INSTANT][BTCUSD] Signal: BUY (0.55) | EMA Fast: 76496.19 Slow: 76409.65
[20:37:54][BG_ATLAS] [BG_5K_INSTANT] SL: $5.0 | TP: $50.0
[20:37:54][BG_ATLAS] [BG_5K_INSTANT] BUY L1 placed by expert | BTCUSD @ 76867.42 | Lot: 0.06
[20:37:54][BG_ATLAS] [BG_5K_INSTANT]   Hidden TP: 77167.42 | Hidden SL: 76767.42
[20:38:24][BG_ATLAS] [BG_5K_INSTANT] HIDDEN SL HIT - Closing L1
[20:38:25][BG_ATLAS] [BG_5K_INSTANT] Position 9064875 closed @ 76763.34
[20:38:25][BG_ATLAS] [BG_5K_INSTANT][BTCUSD] Regime: CLEAN (0.960)
[20:38:25][BG_ATLAS] [BG_5K_INSTANT][BTCUSD] Signal: BUY (0.71) | EMA Fast: 76553.94 Slow: 76441.11
[20:38:25][BG_ATLAS] [BG_5K_INSTANT] SL: $5.0 | TP: $50.0
[20:38:25][BG_ATLAS] [BG_5K_INSTANT] BUY L1 placed by expert | BTCUSD @ 76833.00 | Lot: 0.07
[20:38:25][BG_ATLAS] [BG_5K_INSTANT]   Hidden TP: 77133.00 | Hidden SL: 76733.00
[20:38:55][BG_ATLAS] [BG_5K_INSTANT][BTCUSD] Regime: CLEAN (0.960)
[20:38:55][BG_ATLAS] [BG_5K_INSTANT][BTCUSD] BUY signal but grid spacing not met
[20:38:55][BG_ATLAS] [BG_5K_INSTANT][BTCUSD] Signal: HOLD (0.73) | EMA Fast: 76561.93 Slow: 76444.38
[20:39:25][BG_ATLAS] [BG_5K_INSTANT][BTCUSD] Regime: CLEAN (0.960)
[20:39:25][BG_ATLAS] [BG_5K_INSTANT][BTCUSD] BUY signal but grid spacing not met
[20:39:25][BG_ATLAS] [BG_5K_INSTANT][BTCUSD] Signal: HOLD (0.88) | EMA Fast: 76617.49 Slow: 76478.02
[20:39:55][BG_ATLAS] [BG_5K_INSTANT][BTCUSD] Regime: CLEAN (0.960)
[20:39:55][BG_ATLAS] [BG_5K_INSTANT][BTCUSD] BUY signal but grid spacing not met
[20:39:55][BG_ATLAS] [BG_5K_INSTANT][BTCUSD] Signal: HOLD (0.82) | EMA Fast: 76609.06 Slow: 76474.57
[20:40:26][BG_ATLAS] [BG_5K_INSTANT] HIDDEN SL HIT - Closing L1
[20:40:26][BG_ATLAS] [BG_5K_INSTANT] Position 9064894 closed @ 76726.81
[20:40:26][BG_ATLAS] [BG_5K_INSTANT][BTCUSD] Regime: CLEAN (0.960)
[20:40:26][BG_ATLAS] [BG_5K_INSTANT][BTCUSD] Signal: BUY (0.83) | EMA Fast: 76632.78 Slow: 76496.33
[20:40:26][BG_ATLAS] [BG_5K_INSTANT] SL: $5.0 | TP: $50.0
[20:40:26][BG_ATLAS] [BG_5K_INSTANT] BUY L1 placed by expert | BTCUSD @ 76809.42 | Lot: 0.07
[20:40:26][BG_ATLAS] [BG_5K_INSTANT]   Hidden TP: 77109.42 | Hidden SL: 76709.42
[20:40:57][BG_ATLAS] [BG_5K_INSTANT][BTCUSD] Regime: CLEAN (0.960)
[20:40:57][BG_ATLAS] [BG_5K_INSTANT][BTCUSD] BUY signal but grid spacing not met
[20:40:57][BG_ATLAS] [BG_5K_INSTANT][BTCUSD] Signal: HOLD (0.85) | EMA Fast: 76650.15 Slow: 76503.44
[20:41:27][BG_ATLAS] [BG_5K_INSTANT][BTCUSD] Regime: CLEAN (0.960)
[20:41:27][BG_ATLAS] [BG_5K_INSTANT][BTCUSD] BUY signal but grid spacing not met
[20:41:27][BG_ATLAS] [BG_5K_INSTANT][BTCUSD] Signal: HOLD (0.90) | EMA Fast: 76683.47 Slow: 76530.39
[20:41:57][BG_ATLAS] [BG_5K_INSTANT][BTCUSD] Regime: CLEAN (0.960)
[20:41:57][BG_ATLAS] [BG_5K_INSTANT][BTCUSD] BUY signal but grid spacing not met
[20:41:57][BG_ATLAS] [BG_5K_INSTANT][BTCUSD] Signal: HOLD (0.88) | EMA Fast: 76700.54 Slow: 76537.37
[20:42:27][BG_ATLAS] [BG_5K_INSTANT][BTCUSD] Regime: CLEAN (0.960)
[20:42:27][BG_ATLAS] [BG_5K_INSTANT][BTCUSD] BUY signal but grid spacing not met
[20:42:27][BG_ATLAS] [BG_5K_INSTANT][BTCUSD] Signal: HOLD (0.86) | EMA Fast: 76716.15 Slow: 76558.00
[20:42:57][BG_ATLAS] [BG_5K_INSTANT][BTCUSD] Regime: CLEAN (0.960)
[20:42:57][BG_ATLAS] [BG_5K_INSTANT][BTCUSD] BUY signal but grid spacing not met
[20:42:57][BG_ATLAS] [BG_5K_INSTANT][BTCUSD] Signal: HOLD (0.82) | EMA Fast: 76709.94 Slow: 76555.46
[20:43:28][BG_ATLAS] [BG_5K_INSTANT] HIDDEN SL HIT - Closing L1
[20:43:28][BG_ATLAS] [BG_5K_INSTANT] Position 9064964 closed @ 76699.14
[20:43:28][BG_ATLAS] [BG_5K_INSTANT][BTCUSD] Regime: CLEAN (0.960)
[20:43:28][BG_ATLAS] [BG_5K_INSTANT][BTCUSD] Signal: BUY (0.70) | EMA Fast: 76706.58 Slow: 76568.07
[20:43:28][BG_ATLAS] [BG_5K_INSTANT] SL: $5.0 | TP: $50.0
[20:43:28][BG_ATLAS] [BG_5K_INSTANT] BUY L1 placed by expert | BTCUSD @ 76776.59 | Lot: 0.06
[20:43:28][BG_ATLAS] [BG_5K_INSTANT]   Hidden TP: 77076.59 | Hidden SL: 76676.59
[20:43:58][BG_ATLAS] [BG_5K_INSTANT] HIDDEN SL HIT - Closing L1
[20:43:59][BG_ATLAS] [BG_5K_INSTANT] Position 9065050 closed @ 76648.63
[20:43:59][BG_ATLAS] [BG_5K_INSTANT][BTCUSD] Regime: CLEAN (0.960)
[20:43:59][BG_ATLAS] [BG_5K_INSTANT][BTCUSD] Signal: BUY (0.65) | EMA Fast: 76695.29 Slow: 76563.45
[20:43:59][BG_ATLAS] [BG_5K_INSTANT] SL: $5.0 | TP: $50.0
[20:43:59][BG_ATLAS] [BG_5K_INSTANT] BUY L1 placed by expert | BTCUSD @ 76725.36 | Lot: 0.06
[20:43:59][BG_ATLAS] [BG_5K_INSTANT]   Hidden TP: 77025.36 | Hidden SL: 76625.36
[20:44:29][BG_ATLAS] [BG_5K_INSTANT] HIDDEN SL HIT - Closing L1
[20:44:30][BG_ATLAS] [BG_5K_INSTANT] Position 9065065 closed @ 76618.62
[20:44:30][BG_ATLAS] [BG_5K_INSTANT][BTCUSD] Regime: CLEAN (0.960)
[20:44:30][BG_ATLAS] [BG_5K_INSTANT][BTCUSD] Signal: BUY (0.53) | EMA Fast: 76677.89 Slow: 76568.30
[20:44:30][BG_ATLAS] [BG_5K_INSTANT] SL: $5.0 | TP: $50.0
[20:44:30][BG_ATLAS] [BG_5K_INSTANT] BUY L1 placed by expert | BTCUSD @ 76695.92 | Lot: 0.06
[20:44:30][BG_ATLAS] [BG_5K_INSTANT]   Hidden TP: 76995.92 | Hidden SL: 76595.92
[20:45:00][BG_ATLAS] [BG_5K_INSTANT][BTCUSD] Regime: CLEAN (0.960)
[20:45:00][BG_ATLAS] [BG_5K_INSTANT][BTCUSD] Signal: BUY (0.51) | EMA Fast: 76674.94 Slow: 76567.09
[20:45:00][BG_ATLAS] [BG_5K_INSTANT] SL: $5.0 | TP: $50.0
[20:45:01][BG_ATLAS] [BG_5K_INSTANT] FAILED: No money (10019)
[20:45:31][BG_ATLAS] [BG_5K_INSTANT][BTCUSD] Regime: CLEAN (0.960)
[20:45:31][BG_ATLAS] [BG_5K_INSTANT][BTCUSD] BUY signal but grid spacing not met
[20:45:31][BG_ATLAS] [BG_5K_INSTANT][BTCUSD] Signal: HOLD (0.48) | EMA Fast: 76666.88 Slow: 76573.40
[20:46:01][BG_ATLAS] [BG_5K_INSTANT][BTCUSD] Regime: CLEAN (0.960)
[20:46:01][BG_ATLAS] [BG_5K_INSTANT][BTCUSD] BUY signal but grid spacing not met
[20:46:01][BG_ATLAS] [BG_5K_INSTANT][BTCUSD] Signal: HOLD (0.49) | EMA Fast: 76671.38 Slow: 76575.24
[20:46:31][BG_ATLAS] [BG_5K_INSTANT][BTCUSD] Regime: CLEAN (0.960)
[20:46:31][BG_ATLAS] [BG_5K_INSTANT][BTCUSD] BUY signal but grid spacing not met
[20:46:31][BG_ATLAS] [BG_5K_INSTANT][BTCUSD] Signal: HOLD (0.44) | EMA Fast: 76667.09 Slow: 76582.12
[20:47:01][BG_ATLAS] [BG_5K_INSTANT][BTCUSD] Regime: CLEAN (0.960)
[20:47:01][BG_ATLAS] [BG_5K_INSTANT][BTCUSD] BUY signal but grid spacing not met
[20:47:01][BG_ATLAS] [BG_5K_INSTANT][BTCUSD] Signal: HOLD (0.43) | EMA Fast: 76664.46 Slow: 76581.04
[20:47:32][BG_ATLAS] [BG_5K_INSTANT][BTCUSD] Regime: CLEAN (0.960)
[20:47:32][BG_ATLAS] [BG_5K_INSTANT][BTCUSD] BUY signal but grid spacing not met
[20:47:32][BG_ATLAS] [BG_5K_INSTANT][BTCUSD] Signal: HOLD (0.41) | EMA Fast: 76669.44 Slow: 76590.81
[20:48:02][BG_ATLAS] [BG_5K_INSTANT][BTCUSD] Regime: CLEAN (0.960)
[20:48:02][BG_ATLAS] [BG_5K_INSTANT][BTCUSD] BUY signal but grid spacing not met
[20:48:02][BG_ATLAS] [BG_5K_INSTANT][BTCUSD] Signal: HOLD (0.40) | EMA Fast: 76668.26 Slow: 76590.32
[20:48:32][BG_ATLAS] [BG_5K_INSTANT][BTCUSD] Regime: CLEAN (0.960)
[20:48:32][BG_ATLAS] [BG_5K_INSTANT][BTCUSD] BUY signal but grid spacing not met
[20:48:32][BG_ATLAS] [BG_5K_INSTANT][BTCUSD] Signal: HOLD (0.35) | EMA Fast: 76662.73 Slow: 76595.13
[20:49:02][BG_ATLAS] [BG_5K_INSTANT][BTCUSD] Regime: CLEAN (0.960)
[20:49:02][BG_ATLAS] [BG_5K_INSTANT][BTCUSD] BUY signal but grid spacing not met
[20:49:02][BG_ATLAS] [BG_5K_INSTANT][BTCUSD] Signal: HOLD (0.33) | EMA Fast: 76658.76 Slow: 76593.50
[20:49:32][BG_ATLAS] [BG_5K_INSTANT][BTCUSD] Regime: CLEAN (0.960)
[20:49:32][BG_ATLAS] [BG_5K_INSTANT][BTCUSD] BUY signal but grid spacing not met
[20:49:32][BG_ATLAS] [BG_5K_INSTANT][BTCUSD] Signal: HOLD (0.29) | EMA Fast: 76652.64 Slow: 76596.93
[20:50:03][BG_ATLAS] [BG_5K_INSTANT][BTCUSD] Regime: CLEAN (0.960)
[20:50:03][BG_ATLAS] [BG_5K_INSTANT][BTCUSD] BUY signal but grid spacing not met
[20:50:03][BG_ATLAS] [BG_5K_INSTANT][BTCUSD] Signal: HOLD (0.27) | EMA Fast: 76652.99 Slow: 76602.28
[20:50:33][BG_ATLAS] [BG_5K_INSTANT][BTCUSD] Regime: CLEAN (0.960)
[20:50:33][BG_ATLAS] [BG_5K_INSTANT][BTCUSD] Signal: HOLD (0.23) | EMA Fast: 76642.69 Slow: 76598.07
[20:51:03][BG_ATLAS] [BG_5K_INSTANT][BTCUSD] Regime: CLEAN (0.960)
[20:51:03][BG_ATLAS] [BG_5K_INSTANT][BTCUSD] Signal: HOLD (0.26) | EMA Fast: 76635.39 Slow: 76599.22
[20:51:33][BG_ATLAS] [BG_5K_INSTANT][BTCUSD] Regime: CLEAN (0.960)
[20:51:33][BG_ATLAS] [BG_5K_INSTANT][BTCUSD] Signal: HOLD (0.25) | EMA Fast: 76634.27 Slow: 76598.76
[20:52:04][BG_ATLAS] [BG_5K_INSTANT][BTCUSD] Regime: CLEAN (0.960)
[20:52:04][BG_ATLAS] [BG_5K_INSTANT][BTCUSD] Signal: HOLD (0.21) | EMA Fast: 76626.09 Slow: 76598.61
[20:52:35][BG_ATLAS] [BG_5K_INSTANT] HIDDEN SL HIT - Closing L1
[20:52:35][BG_ATLAS] [BG_5K_INSTANT] Position 9065081 closed @ 76593.22
[20:52:35][BG_ATLAS] [BG_5K_INSTANT][BTCUSD] Regime: CLEAN (0.960)
[20:52:35][BG_ATLAS] [BG_5K_INSTANT][BTCUSD] Signal: HOLD (0.20) | EMA Fast: 76624.76 Slow: 76598.07
[20:53:05][BG_ATLAS] [BG_5K_INSTANT][BTCUSD] Regime: CLEAN (0.960)
[20:53:05][BG_ATLAS] [BG_5K_INSTANT][BTCUSD] Signal: HOLD (0.18) | EMA Fast: 76622.85 Slow: 76599.82
[20:53:35][BG_ATLAS] [BG_5K_INSTANT][BTCUSD] Regime: CLEAN (0.960)
[20:53:35][BG_ATLAS] [BG_5K_INSTANT][BTCUSD] Signal: HOLD (0.19) | EMA Fast: 76625.42 Slow: 76600.87
[20:54:06][BG_ATLAS] [BG_5K_INSTANT][BTCUSD] Regime: CLEAN (0.960)
[20:54:06][BG_ATLAS] [BG_5K_INSTANT][BTCUSD] Signal: HOLD (0.18) | EMA Fast: 76625.35 Slow: 76603.19
[20:54:36][BG_ATLAS] [BG_5K_INSTANT][BTCUSD] Regime: CLEAN (0.960)
[20:54:36][BG_ATLAS] [BG_5K_INSTANT][BTCUSD] Signal: HOLD (0.23) | EMA Fast: 76639.80 Slow: 76609.10
[20:55:06][BG_ATLAS] [BG_5K_INSTANT][BTCUSD] Regime: CLEAN (0.960)
[20:55:06][BG_ATLAS] [BG_5K_INSTANT][BTCUSD] Signal: HOLD (0.18) | EMA Fast: 76626.39 Slow: 76605.68
[20:55:36][BG_ATLAS] [BG_5K_INSTANT][BTCUSD] Regime: CLEAN (0.960)
[20:55:36][BG_ATLAS] [BG_5K_INSTANT][BTCUSD] Signal: HOLD (0.20) | EMA Fast: 76632.59 Slow: 76608.22
[20:56:06][BG_ATLAS] [BG_5K_INSTANT][BTCUSD] Regime: CLEAN (0.960)
[20:56:06][BG_ATLAS] [BG_5K_INSTANT][BTCUSD] Signal: HOLD (0.19) | EMA Fast: 76629.20 Slow: 76608.78
[20:56:37][BG_ATLAS] [BG_5K_INSTANT][BTCUSD] Regime: CLEAN (0.960)
[20:56:37][BG_ATLAS] [BG_5K_INSTANT][BTCUSD] Signal: HOLD (0.20) | EMA Fast: 76632.87 Slow: 76610.28
[20:57:07][BG_ATLAS] [BG_5K_INSTANT][BTCUSD] Regime: CLEAN (0.960)
[20:57:07][BG_ATLAS] [BG_5K_INSTANT][BTCUSD] Signal: HOLD (0.19) | EMA Fast: 76627.47 Slow: 76609.83
[20:57:37][BG_ATLAS] [BG_5K_INSTANT][BTCUSD] Regime: CLEAN (0.960)
[20:57:37][BG_ATLAS] [BG_5K_INSTANT][BTCUSD] Signal: HOLD (0.19) | EMA Fast: 76628.79 Slow: 76610.37
[20:58:07][BG_ATLAS] [BG_5K_INSTANT][BTCUSD] Regime: CLEAN (0.960)
[20:58:07][BG_ATLAS] [BG_5K_INSTANT][BTCUSD] Signal: HOLD (0.22) | EMA Fast: 76634.99 Slow: 76614.72
[20:58:37][BG_ATLAS] [BG_5K_INSTANT][BTCUSD] Regime: CLEAN (0.960)
[20:58:37][BG_ATLAS] [BG_5K_INSTANT][BTCUSD] Signal: HOLD (0.19) | EMA Fast: 76631.47 Slow: 76613.29
[20:59:08][BG_ATLAS] [BG_5K_INSTANT][BTCUSD] Regime: CLEAN (0.960)
[20:59:08][BG_ATLAS] [BG_5K_INSTANT][BTCUSD] Signal: HOLD (0.21) | EMA Fast: 76633.51 Slow: 76615.96
[20:59:38][BG_ATLAS] [BG_5K_INSTANT][BTCUSD] Regime: CLEAN (0.960)
[20:59:38][BG_ATLAS] [BG_5K_INSTANT][BTCUSD] Signal: HOLD (0.21) | EMA Fast: 76633.24 Slow: 76615.85
[21:00:08][BG_ATLAS] [BG_5K_INSTANT][BTCUSD] Regime: CLEAN (0.960)
[21:00:08][BG_ATLAS] [BG_5K_INSTANT][BTCUSD] Signal: HOLD (0.17) | EMA Fast: 76630.03 Slow: 76616.11
[21:00:39][BG_ATLAS] [BG_5K_INSTANT] Connected - Balance: $4,893.89
[21:00:39][BG_ATLAS] [BG_5K_INSTANT][BTCUSD] Regime: CLEAN (0.960)
[21:00:39][BG_ATLAS] [BG_5K_INSTANT][BTCUSD] Signal: HOLD (0.07) | EMA Fast: 76617.91 Slow: 76611.15
[21:01:10][BG_ATLAS] [BG_5K_INSTANT][BTCUSD] Regime: CLEAN (0.960)
[21:01:10][BG_ATLAS] [BG_5K_INSTANT][BTCUSD] Signal: HOLD (0.00) | EMA Fast: 76599.99 Slow: 76604.28
[21:01:40][BG_ATLAS] [BG_5K_INSTANT][BTCUSD] Regime: CLEAN (0.960)
[21:01:40][BG_ATLAS] [BG_5K_INSTANT][BTCUSD] Signal: HOLD (0.00) | EMA Fast: 76606.34 Slow: 76606.88
[21:02:07][BG_ATLAS] Initializing: ['BG_5K_INSTANT', 'BG_100K_CHALLENGE']
[21:02:07][BG_ATLAS] Loaded 51 experts
[21:02:07][BG_ATLAS] Loaded 51 experts
[21:03:13][BG_ATLAS] [BG_5K_INSTANT] MT5 init failed: (-10005, 'IPC timeout')
[21:04:24][BG_ATLAS] Initializing: ['BG_5K_INSTANT', 'BG_100K_CHALLENGE']
[21:04:24][BG_ATLAS] Loaded 51 experts
[21:04:24][BG_ATLAS] Loaded 51 experts
[21:04:24][BG_ATLAS] [BG_5K_INSTANT] Connected - Balance: $4,893.89
[21:04:24][BG_ATLAS] [BG_5K_INSTANT][BTCUSD] Regime: CLEAN (0.960)
[21:04:24][BG_ATLAS] [BG_5K_INSTANT][BTCUSD] Signal: HOLD (0.00) | EMA Fast: 76592.55 Slow: 76600.68
[21:04:55][BG_ATLAS] [BG_100K_CHALLENGE] Connected - Balance: $99,944.62
[21:04:55][BG_ATLAS] [BG_100K_CHALLENGE][BTCUSD] Regime: CLEAN (0.960)
[21:04:55][BG_ATLAS] [BG_100K_CHALLENGE][BTCUSD] Signal: HOLD (0.00) | EMA Fast: 76585.42 Slow: 76597.77
[21:05:27][BG_ATLAS] [BG_5K_INSTANT] Connected - Balance: $4,893.89
[21:05:27][BG_ATLAS] [BG_5K_INSTANT][BTCUSD] Regime: CLEAN (0.960)
[21:05:27][BG_ATLAS] [BG_5K_INSTANT][BTCUSD] Signal: HOLD (0.00) | EMA Fast: 76585.74 Slow: 76596.80
[21:05:58][BG_ATLAS] [BG_100K_CHALLENGE] Connected - Balance: $99,944.62
[21:05:58][BG_ATLAS] [BG_100K_CHALLENGE][BTCUSD] Regime: CLEAN (0.960)
[21:05:58][BG_ATLAS] [BG_100K_CHALLENGE][BTCUSD] Signal: HOLD (0.00) | EMA Fast: 76599.71 Slow: 76602.52
[21:06:30][BG_ATLAS] [BG_5K_INSTANT] Connected - Balance: $4,893.89
[21:06:30][BG_ATLAS] [BG_5K_INSTANT][BTCUSD] Regime: CLEAN (0.960)
[21:06:30][BG_ATLAS] [BG_5K_INSTANT][BTCUSD] Signal: HOLD (0.16) | EMA Fast: 76635.62 Slow: 76617.34
[21:06:54][BG_ATLAS] Initializing: ['BG_5K_INSTANT', 'BG_100K_CHALLENGE']
[21:06:54][BG_ATLAS] Loaded 51 experts
[21:06:54][BG_ATLAS] Loaded 51 experts
[21:06:54][BG_ATLAS] [BG_5K_INSTANT] Connected - Balance: $4,893.89
[21:06:54][BG_ATLAS] [BG_5K_INSTANT][BTCUSD] Regime: CLEAN (0.960)
[21:06:54][BG_ATLAS] [BG_5K_INSTANT][BTCUSD] Signal: HOLD (0.12) | EMA Fast: 76627.79 Slow: 76614.14
[21:07:27][BG_ATLAS] [BG_100K_CHALLENGE] Connected - Balance: $99,944.62
[21:07:27][BG_ATLAS] [BG_100K_CHALLENGE][BTCUSD] Regime: CLEAN (0.960)
[21:07:27][BG_ATLAS] [BG_100K_CHALLENGE][BTCUSD] Signal: HOLD (0.23) | EMA Fast: 76654.01 Slow: 76626.80
[21:07:59][BG_ATLAS] [BG_5K_INSTANT] Connected - Balance: $4,893.89
[21:07:59][BG_ATLAS] [BG_5K_INSTANT][BTCUSD] Regime: CLEAN (0.960)
[21:07:59][BG_ATLAS] [BG_5K_INSTANT][BTCUSD] Signal: HOLD (0.25) | EMA Fast: 76660.46 Slow: 76629.44
[21:08:30][BG_ATLAS] [BG_100K_CHALLENGE] Connected - Balance: $99,944.62
[21:08:30][BG_ATLAS] [BG_100K_CHALLENGE][BTCUSD] Regime: CLEAN (0.960)
[21:08:30][BG_ATLAS] [BG_100K_CHALLENGE][BTCUSD] Signal: HOLD (0.23) | EMA Fast: 76659.92 Slow: 76632.08
[21:09:13][BG_ATLAS] Initializing: ['BG_5K_INSTANT', 'BG_100K_CHALLENGE']
[21:09:13][BG_ATLAS] Loaded 51 experts
[21:09:13][BG_ATLAS] Loaded 51 experts
[21:10:20][BG_ATLAS] [BG_5K_INSTANT] MT5 init failed: (-10005, 'IPC timeout')
[21:10:37][BG_ATLAS] Initializing: ['BG_5K_INSTANT', 'BG_100K_CHALLENGE']
[21:10:37][BG_ATLAS] Loaded 51 experts
[21:10:37][BG_ATLAS] Loaded 51 experts
[21:10:38][BG_ATLAS] [BG_5K_INSTANT] Connected - Balance: $4,893.89
[21:10:38][BG_ATLAS] [BG_5K_INSTANT][BTCUSD] Regime: CLEAN (0.960)
[21:10:38][BG_ATLAS] [BG_5K_INSTANT][BTCUSD] Signal: HOLD (0.24) | EMA Fast: 76669.62 Slow: 76641.61
[21:11:10][BG_ATLAS] [BG_100K_CHALLENGE] Connected - Balance: $99,949.34
[21:11:10][BG_ATLAS] [BG_100K_CHALLENGE][BTCUSD] Regime: CLEAN (0.960)
[21:11:10][BG_ATLAS] [BG_100K_CHALLENGE][BTCUSD] Signal: HOLD (0.24) | EMA Fast: 76674.71 Slow: 76646.27
[21:11:41][BG_ATLAS] [BG_5K_INSTANT] Connected - Balance: $4,893.89
[21:11:41][BG_ATLAS] [BG_5K_INSTANT][BTCUSD] Regime: CLEAN (0.960)
[21:11:41][BG_ATLAS] [BG_5K_INSTANT][BTCUSD] Signal: HOLD (0.24) | EMA Fast: 76676.22 Slow: 76646.89
[21:12:13][BG_ATLAS] [BG_100K_CHALLENGE] Connected - Balance: $99,949.34
[21:12:13][BG_ATLAS] [BG_100K_CHALLENGE][BTCUSD] Regime: CLEAN (0.960)
[21:12:13][BG_ATLAS] [BG_100K_CHALLENGE][BTCUSD] Signal: HOLD (0.27) | EMA Fast: 76687.33 Slow: 76654.33
[21:12:44][BG_ATLAS] [BG_5K_INSTANT] Connected - Balance: $4,893.89
[21:12:44][BG_ATLAS] [BG_5K_INSTANT][BTCUSD] Regime: CLEAN (0.960)
[21:12:44][BG_ATLAS] [BG_5K_INSTANT][BTCUSD] Signal: HOLD (0.25) | EMA Fast: 76683.28 Slow: 76652.67
[21:13:16][BG_ATLAS] [BG_100K_CHALLENGE] Connected - Balance: $99,949.34
[21:13:16][BG_ATLAS] [BG_100K_CHALLENGE][BTCUSD] Regime: CLEAN (0.960)
[21:13:16][BG_ATLAS] [BG_100K_CHALLENGE][BTCUSD] Signal: HOLD (0.27) | EMA Fast: 76692.70 Slow: 76659.47
[21:13:48][BG_ATLAS] [BG_5K_INSTANT] Connected - Balance: $4,893.89
[21:13:48][BG_ATLAS] [BG_5K_INSTANT][BTCUSD] Regime: CLEAN (0.960)
[21:13:48][BG_ATLAS] [BG_5K_INSTANT][BTCUSD] Signal: HOLD (0.25) | EMA Fast: 76688.34 Slow: 76657.69
[21:14:19][BG_ATLAS] [BG_100K_CHALLENGE] Connected - Balance: $99,949.34
[21:14:19][BG_ATLAS] [BG_100K_CHALLENGE][BTCUSD] Regime: CLEAN (0.960)
[21:14:19][BG_ATLAS] [BG_100K_CHALLENGE][BTCUSD] Signal: HOLD (0.11) | EMA Fast: 76664.36 Slow: 76650.30
[21:14:51][BG_ATLAS] [BG_5K_INSTANT] Connected - Balance: $4,893.89
[21:14:51][BG_ATLAS] [BG_5K_INSTANT][BTCUSD] Regime: CLEAN (0.960)
[21:14:51][BG_ATLAS] [BG_5K_INSTANT][BTCUSD] Signal: HOLD (0.13) | EMA Fast: 76669.40 Slow: 76652.36
[21:15:22][BG_ATLAS] [BG_100K_CHALLENGE] Connected - Balance: $99,949.34
[21:15:22][BG_ATLAS] [BG_100K_CHALLENGE][BTCUSD] Regime: CLEAN (0.960)
[21:15:22][BG_ATLAS] [BG_100K_CHALLENGE][BTCUSD] Signal: HOLD (0.09) | EMA Fast: 76663.22 Slow: 76651.76
[21:15:54][BG_ATLAS] [BG_5K_INSTANT] Connected - Balance: $4,893.89
[21:15:54][BG_ATLAS] [BG_5K_INSTANT][BTCUSD] Regime: CLEAN (0.960)
[21:15:54][BG_ATLAS] [BG_5K_INSTANT][BTCUSD] Signal: HOLD (0.06) | EMA Fast: 76657.73 Slow: 76649.51
[21:16:25][BG_ATLAS] [BG_100K_CHALLENGE] Connected - Balance: $99,949.34
[21:16:25][BG_ATLAS] [BG_100K_CHALLENGE][BTCUSD] Regime: CLEAN (0.960)
[21:16:25][BG_ATLAS] [BG_100K_CHALLENGE][BTCUSD] Signal: HOLD (0.00) | EMA Fast: 76634.37 Slow: 76640.66
[21:16:56][BG_ATLAS] [BG_5K_INSTANT] Connected - Balance: $4,893.89
[21:16:56][BG_ATLAS] [BG_5K_INSTANT][BTCUSD] Regime: CLEAN (0.960)
[21:16:56][BG_ATLAS] [BG_5K_INSTANT][BTCUSD] Signal: HOLD (0.00) | EMA Fast: 76635.14 Slow: 76640.97
[21:17:28][BG_ATLAS] [BG_100K_CHALLENGE] Connected - Balance: $99,949.34
[21:17:28][BG_ATLAS] [BG_100K_CHALLENGE][BTCUSD] Regime: CLEAN (0.960)
[21:17:28][BG_ATLAS] [BG_100K_CHALLENGE][BTCUSD] Signal: HOLD (0.00) | EMA Fast: 76618.94 Slow: 76633.73
[21:17:59][BG_ATLAS] [BG_5K_INSTANT] Connected - Balance: $4,893.89
[21:17:59][BG_ATLAS] [BG_5K_INSTANT][BTCUSD] Regime: CLEAN (0.960)
[21:17:59][BG_ATLAS] [BG_5K_INSTANT][BTCUSD] Signal: HOLD (0.00) | EMA Fast: 76623.81 Slow: 76635.72
[21:18:31][BG_ATLAS] [BG_100K_CHALLENGE] Connected - Balance: $99,949.34
[21:18:31][BG_ATLAS] [BG_100K_CHALLENGE][BTCUSD] Regime: CLEAN (0.960)
[21:18:31][BG_ATLAS] [BG_100K_CHALLENGE][BTCUSD] Signal: HOLD (0.00) | EMA Fast: 76609.99 Slow: 76628.96
[21:19:02][BG_ATLAS] [BG_5K_INSTANT] Connected - Balance: $4,893.89
[21:19:02][BG_ATLAS] [BG_5K_INSTANT][BTCUSD] Regime: CLEAN (0.960)
[21:19:02][BG_ATLAS] [BG_5K_INSTANT][BTCUSD] Signal: HOLD (0.00) | EMA Fast: 76612.50 Slow: 76629.98
[21:19:36][BG_ATLAS] [BG_100K_CHALLENGE] Connected - Balance: $99,949.34
[21:19:36][BG_ATLAS] [BG_100K_CHALLENGE][BTCUSD] Regime: CLEAN (0.960)
[21:19:36][BG_ATLAS] [BG_100K_CHALLENGE][BTCUSD] Signal: HOLD (0.00) | EMA Fast: 76601.36 Slow: 76623.55
[21:20:07][BG_ATLAS] [BG_5K_INSTANT] Connected - Balance: $4,893.89
[21:20:07][BG_ATLAS] [BG_5K_INSTANT][BTCUSD] Regime: CLEAN (0.960)
[21:20:07][BG_ATLAS] [BG_5K_INSTANT][BTCUSD] Signal: HOLD (0.00) | EMA Fast: 76594.12 Slow: 76618.27
[21:20:39][BG_ATLAS] [BG_100K_CHALLENGE] Connected - Balance: $99,949.34
[21:20:39][BG_ATLAS] [BG_100K_CHALLENGE][BTCUSD] Regime: CLEAN (0.960)
[21:20:39][BG_ATLAS] [BG_100K_CHALLENGE][BTCUSD] Signal: HOLD (0.00) | EMA Fast: 76596.98 Slow: 76619.44
[21:21:10][BG_ATLAS] [BG_5K_INSTANT] Connected - Balance: $4,893.89
[21:21:10][BG_ATLAS] [BG_5K_INSTANT][BTCUSD] Regime: CLEAN (0.960)
[21:21:10][BG_ATLAS] [BG_5K_INSTANT][BTCUSD] Signal: HOLD (0.00) | EMA Fast: 76593.83 Slow: 76616.13
[21:21:56][BG_ATLAS] Initializing: ['BG_100K_CHALLENGE']
[21:21:56][BG_ATLAS] Loaded 51 experts
[21:21:57][BG_ATLAS] [BG_100K_CHALLENGE] Connected - Balance: $99,949.34
[21:21:57][BG_ATLAS] [BG_100K_CHALLENGE][BTCUSD] Regime: CLEAN (0.960)
[21:21:57][BG_ATLAS] [BG_100K_CHALLENGE][BTCUSD] Signal: HOLD (0.00) | EMA Fast: 76592.90 Slow: 76615.75
[21:22:28][BG_ATLAS] [BG_100K_CHALLENGE][BTCUSD] Regime: CLEAN (0.960)
[21:22:28][BG_ATLAS] [BG_100K_CHALLENGE][BTCUSD] Signal: HOLD (0.00) | EMA Fast: 76596.76 Slow: 76615.43
[21:22:58][BG_ATLAS] [BG_100K_CHALLENGE][BTCUSD] Regime: CLEAN (0.960)
[21:22:58][BG_ATLAS] [BG_100K_CHALLENGE][BTCUSD] Signal: HOLD (0.00) | EMA Fast: 76596.30 Slow: 76615.24
[21:23:28][BG_ATLAS] [BG_100K_CHALLENGE][BTCUSD] Regime: CLEAN (0.960)
[21:23:28][BG_ATLAS] [BG_100K_CHALLENGE][BTCUSD] Signal: HOLD (0.00) | EMA Fast: 76596.54 Slow: 76613.63
[21:23:58][BG_ATLAS] [BG_100K_CHALLENGE][BTCUSD] Regime: CLEAN (0.960)
[21:23:58][BG_ATLAS] [BG_100K_CHALLENGE][BTCUSD] Signal: HOLD (0.00) | EMA Fast: 76595.46 Slow: 76613.19
[21:24:53][BG_ATLAS] [BG_100K_CHALLENGE] Connected - Balance: $99,949.34
[21:24:53][BG_ATLAS] [BG_100K_CHALLENGE][BTCUSD] Regime: CLEAN (0.960)
[21:24:53][BG_ATLAS] [BG_100K_CHALLENGE][BTCUSD] Signal: HOLD (0.00) | EMA Fast: 76586.96 Slow: 76608.18
[21:25:23][BG_ATLAS] [BG_100K_CHALLENGE][BTCUSD] Regime: CLEAN (0.960)
[21:25:23][BG_ATLAS] [BG_100K_CHALLENGE][BTCUSD] Signal: HOLD (0.00) | EMA Fast: 76567.80 Slow: 76597.92
