[01:04:03][BG_INSTANT] Loaded expert for BTCUSD
[01:04:03][BG_INSTANT] Loaded expert for AUDNZD
[01:04:03][BG_INSTANT] Loaded expert for AUDNZD
[01:04:03][BG_INSTANT] Loaded expert for AUDNZD
[01:04:03][BG_INSTANT] Loaded expert for AUDNZD
[01:04:03][BG_INSTANT] Loaded expert for AUDNZD
[01:04:03][BG_INSTANT] Loaded expert for AUDNZD
[01:04:03][BG_INSTANT] Loaded expert for AUDNZD
[01:04:03][BG_INSTANT] Loaded expert for AUDNZD
[01:04:03][BG_INSTANT] Loaded expert for AUDNZD
[01:04:03][BG_INSTANT] Loaded expert for AUDNZD
[01:04:03][BG_INSTANT] Loaded expert for XAUUSD
[01:04:03][BG_INSTANT] Loaded expert for XAUUSD
[01:04:03][BG_INSTANT] Loaded expert for XAUUSD
[01:04:03][BG_INSTANT] Loaded expert for XAUUSD
[01:04:03][BG_INSTANT] Loaded expert for XAUUSD
[01:04:03][BG_INSTANT] Loaded expert for XAUUSD
[01:04:03][BG_INSTANT] Loaded expert for XAUUSD
[01:04:03][BG_INSTANT] Loaded expert for XAUUSD
[01:04:03][BG_INSTANT] Loaded expert for XAUUSD
[01:04:03][BG_INSTANT] Loaded expert for XAUUSD
[01:04:03][BG_INSTANT] Loaded expert for ETHUSD
[01:04:03][BG_INSTANT] Loaded expert for ETHUSD
[01:04:03][BG_INSTANT] Loaded expert for ETHUSD
[01:04:03][BG_INSTANT] Loaded expert for ETHUSD
[01:04:03][BG_INSTANT] Loaded expert for ETHUSD
[01:04:03][BG_INSTANT] Loaded expert for EURCAD
[01:04:03][BG_INSTANT] Loaded expert for GBPUSD
[01:04:03][BG_INSTANT] Loaded expert for EURCAD
[01:04:03][BG_INSTANT] Loaded expert for GBPUSD
[01:04:03][BG_INSTANT] Loaded expert for EURCAD
[01:04:03][BG_INSTANT] Loaded expert for EURCAD
[01:04:03][BG_INSTANT] Loaded expert for ETHUSD
[01:04:03][BG_INSTANT] Loaded expert for ETHUSD
[01:04:03][BG_INSTANT] Loaded expert for GBPUSD
[01:04:03][BG_INSTANT] Loaded expert for ETHUSD
[01:04:03][BG_INSTANT] Loaded expert for EURCAD
[01:04:03][BG_INSTANT] Loaded expert for EURCAD
[01:04:03][BG_INSTANT] Loaded expert for EURCAD
[01:04:03][BG_INSTANT] Loaded expert for EURCAD
[01:04:03][BG_INSTANT] Loaded expert for EURNZD
[01:04:03][BG_INSTANT] Loaded expert for EURCAD
[01:04:03][BG_INSTANT] Loaded expert for GBPUSD
[01:04:03][BG_INSTANT] Loaded expert for ETHUSD
[01:04:03][BG_INSTANT] Loaded expert for ETHUSD
[01:04:03][BG_INSTANT] Loaded expert for GBPUSD
[01:04:03][BG_INSTANT] Loaded expert for EURCAD
[01:04:03][BG_INSTANT] Loaded expert for GBPUSD
[01:04:03][BG_INSTANT] Loaded expert for GBPUSD
[01:04:03][BG_INSTANT] Loaded expert for GBPUSD
[01:04:03][BG_INSTANT] Loaded expert for NZDCHF
[01:05:11][BG_INSTANT] MT5 init failed: (-10005, 'IPC timeout')
[01:05:11][BG_INSTANT] Connection lost - will retry next cycle
[01:06:47][BG_INSTANT] MT5 init failed: (-10005, 'IPC timeout')
[01:06:47][BG_INSTANT] Connection lost - will retry next cycle
