[01:04:03][BG_CHALLENGE] Loaded expert for BTCUSD
[01:04:03][BG_CHALLENGE] Loaded expert for AUDNZD
[01:04:03][BG_CHALLENGE] Loaded expert for AUDNZD
[01:04:03][BG_CHALLENGE] Loaded expert for AUDNZD
[01:04:03][BG_CHALLENGE] Loaded expert for AUDNZD
[01:04:03][BG_CHALLENGE] Loaded expert for AUDNZD
[01:04:03][BG_CHALLENGE] Loaded expert for AUDNZD
[01:04:03][BG_CHALLENGE] Loaded expert for AUDNZD
[01:04:03][BG_CHALLENGE] Loaded expert for AUDNZD
[01:04:03][BG_CHALLENGE] Loaded expert for AUDNZD
[01:04:03][BG_CHALLENGE] Loaded expert for AUDNZD
[01:04:03][BG_CHALLENGE] Loaded expert for XAUUSD
[01:04:03][BG_CHALLENGE] Loaded expert for XAUUSD
[01:04:03][BG_CHALLENGE] Loaded expert for XAUUSD
[01:04:03][BG_CHALLENGE] Loaded expert for XAUUSD
[01:04:03][BG_CHALLENGE] Loaded expert for XAUUSD
[01:04:03][BG_CHALLENGE] Loaded expert for XAUUSD
[01:04:03][BG_CHALLENGE] Loaded expert for XAUUSD
[01:04:03][BG_CHALLENGE] Loaded expert for XAUUSD
[01:04:03][BG_CHALLENGE] Loaded expert for XAUUSD
[01:04:03][BG_CHALLENGE] Loaded expert for XAUUSD
[01:04:03][BG_CHALLENGE] Loaded expert for ETHUSD
[01:04:03][BG_CHALLENGE] Loaded expert for ETHUSD
[01:04:03][BG_CHALLENGE] Loaded expert for ETHUSD
[01:04:03][BG_CHALLENGE] Loaded expert for ETHUSD
[01:04:03][BG_CHALLENGE] Loaded expert for ETHUSD
[01:04:03][BG_CHALLENGE] Loaded expert for EURCAD
[01:04:03][BG_CHALLENGE] Loaded expert for GBPUSD
[01:04:03][BG_CHALLENGE] Loaded expert for EURCAD
[01:04:03][BG_CHALLENGE] Loaded expert for GBPUSD
[01:04:03][BG_CHALLENGE] Loaded expert for EURCAD
[01:04:03][BG_CHALLENGE] Loaded expert for EURCAD
[01:04:03][BG_CHALLENGE] Loaded expert for ETHUSD
[01:04:03][BG_CHALLENGE] Loaded expert for ETHUSD
[01:04:03][BG_CHALLENGE] Loaded expert for GBPUSD
[01:04:03][BG_CHALLENGE] Loaded expert for ETHUSD
[01:04:03][BG_CHALLENGE] Loaded expert for EURCAD
[01:04:03][BG_CHALLENGE] Loaded expert for EURCAD
[01:04:03][BG_CHALLENGE] Loaded expert for EURCAD
[01:04:03][BG_CHALLENGE] Loaded expert for EURCAD
[01:04:03][BG_CHALLENGE] Loaded expert for EURNZD
[01:04:03][BG_CHALLENGE] Loaded expert for EURCAD
[01:04:03][BG_CHALLENGE] Loaded expert for GBPUSD
[01:04:03][BG_CHALLENGE] Loaded expert for ETHUSD
[01:04:03][BG_CHALLENGE] Loaded expert for ETHUSD
[01:04:03][BG_CHALLENGE] Loaded expert for GBPUSD
[01:04:03][BG_CHALLENGE] Loaded expert for EURCAD
[01:04:03][BG_CHALLENGE] Loaded expert for GBPUSD
[01:04:03][BG_CHALLENGE] Loaded expert for GBPUSD
[01:04:03][BG_CHALLENGE] Loaded expert for GBPUSD
[01:04:03][BG_CHALLENGE] Loaded expert for NZDCHF
[01:05:10][BG_CHALLENGE] MT5 init failed: (-10005, 'IPC timeout')
[01:05:10][BG_CHALLENGE] Connection lost - will retry next cycle
[01:06:46][BG_CHALLENGE] MT5 init failed: (-10005, 'IPC timeout')
[01:06:46][BG_CHALLENGE] Connection lost - will retry next cycle
